<?xml version="1.0" encoding="UTF-8"?>
<coverage generated="1769747163142" clover="3.2.0">
  <project timestamp="1769747163142" name="All files">
    <metrics statements="279" coveredstatements="244" conditionals="193" coveredconditionals="147" methods="92" coveredmethods="73" elements="564" coveredelements="464" complexity="0" loc="279" ncloc="279" packages="5" files="10" classes="10"/>
    <package name="api">
      <metrics statements="19" coveredstatements="5" conditionals="19" coveredconditionals="2" methods="3" coveredmethods="0"/>
      <file name="axios.ts" path="C:\Users\henry\Desktop\front\inmobiliaria_frontend\src\api\axios.ts">
        <metrics statements="15" coveredstatements="4" conditionals="14" coveredconditionals="2" methods="2" coveredmethods="0"/>
        <line num="4" count="1" type="cond" truecount="1" falsecount="1"/>
        <line num="6" count="1" type="cond" truecount="1" falsecount="1"/>
        <line num="10" count="1" type="stmt"/>
        <line num="14" count="1" type="stmt"/>
        <line num="15" count="0" type="stmt"/>
        <line num="17" count="0" type="cond" truecount="0" falsecount="4"/>
        <line num="18" count="0" type="stmt"/>
        <line num="19" count="0" type="stmt"/>
        <line num="22" count="0" type="cond" truecount="0" falsecount="2"/>
        <line num="24" count="0" type="stmt"/>
        <line num="26" count="0" type="cond" truecount="0" falsecount="2"/>
        <line num="27" count="0" type="cond" truecount="0" falsecount="2"/>
        <line num="28" count="0" type="stmt"/>
        <line num="30" count="0" type="stmt"/>
        <line num="33" count="0" type="stmt"/>
      </file>
      <file name="unwrap.ts" path="C:\Users\henry\Desktop\front\inmobiliaria_frontend\src\api\unwrap.ts">
        <metrics statements="4" coveredstatements="1" conditionals="5" coveredconditionals="0" methods="1" coveredmethods="0"/>
        <line num="1" count="1" type="stmt"/>
        <line num="2" count="0" type="cond" truecount="0" falsecount="5"/>
        <line num="3" count="0" type="stmt"/>
        <line num="5" count="0" type="stmt"/>
      </file>
    </package>
    <package name="components">
      <metrics statements="7" coveredstatements="7" conditionals="0" coveredconditionals="0" methods="4" coveredmethods="4"/>
      <file name="ProjectsSection.tsx" path="C:\Users\henry\Desktop\front\inmobiliaria_frontend\src\components\ProjectsSection.tsx">
        <metrics statements="4" coveredstatements="4" conditionals="0" coveredconditionals="0" methods="2" coveredmethods="2"/>
        <line num="15" count="17" type="stmt"/>
        <line num="42" count="17" type="stmt"/>
        <line num="64" count="51" type="stmt"/>
        <line num="65" count="51" type="stmt"/>
      </file>
      <file name="ServicesSection.tsx" path="C:\Users\henry\Desktop\front\inmobiliaria_frontend\src\components\ServicesSection.tsx">
        <metrics statements="3" coveredstatements="3" conditionals="0" coveredconditionals="0" methods="2" coveredmethods="2"/>
        <line num="2" count="17" type="stmt"/>
        <line num="32" count="17" type="stmt"/>
        <line num="47" count="51" type="stmt"/>
      </file>
    </package>
    <package name="pages.auth">
      <metrics statements="45" coveredstatements="45" conditionals="18" coveredconditionals="18" methods="13" coveredmethods="13"/>
      <file name="Login.tsx" path="C:\Users\henry\Desktop\front\inmobiliaria_frontend\src\pages\auth\Login.tsx">
        <metrics statements="19" coveredstatements="19" conditionals="8" coveredconditionals="8" methods="6" coveredmethods="6"/>
        <line num="17" count="17" type="stmt"/>
        <line num="18" count="17" type="stmt"/>
        <line num="20" count="17" type="stmt"/>
        <line num="21" count="17" type="stmt"/>
        <line num="22" count="17" type="stmt"/>
        <line num="23" count="17" type="stmt"/>
        <line num="25" count="17" type="stmt"/>
        <line num="26" count="2" type="stmt"/>
        <line num="27" count="2" type="stmt"/>
        <line num="29" count="2" type="stmt"/>
        <line num="30" count="2" type="stmt"/>
        <line num="31" count="1" type="stmt"/>
        <line num="33" count="1" type="stmt"/>
        <line num="37" count="17" type="stmt"/>
        <line num="43" count="17" type="stmt"/>
        <line num="76" count="51" type="stmt"/>
        <line num="129" count="3" type="stmt"/>
        <line num="152" count="3" type="stmt"/>
        <line num="159" count="2" type="stmt"/>
      </file>
      <file name="Register.tsx" path="C:\Users\henry\Desktop\front\inmobiliaria_frontend\src\pages\auth\Register.tsx">
        <metrics statements="26" coveredstatements="26" conditionals="10" coveredconditionals="10" methods="7" coveredmethods="7"/>
        <line num="8" count="27" type="stmt"/>
        <line num="10" count="27" type="stmt"/>
        <line num="11" count="27" type="stmt"/>
        <line num="12" count="27" type="stmt"/>
        <line num="13" count="27" type="stmt"/>
        <line num="16" count="27" type="stmt"/>
        <line num="18" count="27" type="stmt"/>
        <line num="19" count="4" type="stmt"/>
        <line num="20" count="4" type="stmt"/>
        <line num="21" count="4" type="stmt"/>
        <line num="23" count="4" type="stmt"/>
        <line num="24" count="4" type="stmt"/>
        <line num="26" count="4" type="stmt"/>
        <line num="29" count="3" type="stmt"/>
        <line num="30" count="4" type="cond" truecount="2" falsecount="0"/>
        <line num="32" count="2" type="stmt"/>
        <line num="33" count="2" type="stmt"/>
        <line num="35" count="2" type="stmt"/>
        <line num="37" count="4" type="stmt"/>
        <line num="41" count="27" type="stmt"/>
        <line num="47" count="27" type="stmt"/>
        <line num="69" count="81" type="stmt"/>
        <line num="112" count="5" type="stmt"/>
        <line num="125" count="5" type="stmt"/>
        <line num="131" count="2" type="stmt"/>
        <line num="161" count="1" type="stmt"/>
      </file>
    </package>
    <package name="pages.dashboard">
      <metrics statements="167" coveredstatements="150" conditionals="119" coveredconditionals="95" methods="51" coveredmethods="41"/>
      <file name="MailPage.tsx" path="C:\Users\henry\Desktop\front\inmobiliaria_frontend\src\pages\dashboard\MailPage.tsx">
        <metrics statements="56" coveredstatements="52" conditionals="32" coveredconditionals="29" methods="16" coveredmethods="15"/>
        <line num="28" count="34" type="stmt"/>
        <line num="29" count="34" type="stmt"/>
        <line num="30" count="34" type="stmt"/>
        <line num="31" count="34" type="stmt"/>
        <line num="32" count="34" type="stmt"/>
        <line num="33" count="34" type="stmt"/>
        <line num="34" count="34" type="stmt"/>
        <line num="35" count="34" type="stmt"/>
        <line num="38" count="34" type="stmt"/>
        <line num="39" count="7" type="stmt"/>
        <line num="63" count="7" type="stmt"/>
        <line num="66" count="34" type="stmt"/>
        <line num="67" count="3" type="stmt"/>
        <line num="68" count="3" type="stmt"/>
        <line num="70" count="3" type="stmt"/>
        <line num="76" count="3" type="cond" truecount="4" falsecount="1"/>
        <line num="77" count="0" type="stmt"/>
        <line num="78" count="0" type="stmt"/>
        <line num="82" count="3" type="stmt"/>
        <line num="83" count="3" type="cond" truecount="2" falsecount="0"/>
        <line num="84" count="1" type="stmt"/>
        <line num="85" count="1" type="stmt"/>
        <line num="88" count="2" type="stmt"/>
        <line num="89" count="2" type="stmt"/>
        <line num="90" count="2" type="stmt"/>
        <line num="91" count="1" type="stmt"/>
        <line num="94" count="1" type="stmt"/>
        <line num="101" count="1" type="stmt"/>
        <line num="104" count="1" type="stmt"/>
        <line num="105" count="1" type="stmt"/>
        <line num="106" count="1" type="stmt"/>
        <line num="108" count="1" type="stmt"/>
        <line num="109" count="1" type="stmt"/>
        <line num="112" count="1" type="stmt"/>
        <line num="120" count="1" type="stmt"/>
        <line num="122" count="2" type="stmt"/>
        <line num="126" count="34" type="stmt"/>
        <line num="127" count="7" type="cond" truecount="2" falsecount="1"/>
        <line num="129" count="4" type="stmt"/>
        <line num="137" count="3" type="stmt"/>
        <line num="145" count="0" type="stmt"/>
        <line num="155" count="34" type="stmt"/>
        <line num="156" count="83" type="cond" truecount="2" falsecount="0"/>
        <line num="159" count="34" type="stmt"/>
        <line num="161" count="83" type="stmt"/>
        <line num="162" count="83" type="stmt"/>
        <line num="165" count="34" type="stmt"/>
        <line num="231" count="0" type="stmt"/>
        <line num="241" count="2" type="stmt"/>
        <line num="276" count="4" type="stmt"/>
        <line num="290" count="4" type="stmt"/>
        <line num="302" count="4" type="stmt"/>
        <line num="340" count="1" type="stmt"/>
        <line num="363" count="7" type="stmt"/>
        <line num="364" count="7" type="stmt"/>
        <line num="366" count="7" type="stmt"/>
      </file>
      <file name="PropertiesPage.tsx" path="C:\Users\henry\Desktop\front\inmobiliaria_frontend\src\pages\dashboard\PropertiesPage.tsx">
        <metrics statements="68" coveredstatements="59" conditionals="39" coveredconditionals="29" methods="20" coveredmethods="15"/>
        <line num="25" count="1" type="stmt"/>
        <line num="34" count="26" type="stmt"/>
        <line num="35" count="26" type="stmt"/>
        <line num="36" count="26" type="stmt"/>
        <line num="37" count="26" type="stmt"/>
        <line num="38" count="26" type="stmt"/>
        <line num="40" count="26" type="stmt"/>
        <line num="41" count="26" type="stmt"/>
        <line num="42" count="26" type="stmt"/>
        <line num="44" count="26" type="stmt"/>
        <line num="45" count="26" type="stmt"/>
        <line num="47" count="26" type="stmt"/>
        <line num="48" count="9" type="stmt"/>
        <line num="49" count="9" type="stmt"/>
        <line num="50" count="9" type="stmt"/>
        <line num="51" count="9" type="stmt"/>
        <line num="52" count="9" type="cond" truecount="1" falsecount="1"/>
        <line num="54" count="9" type="stmt"/>
        <line num="58" count="26" type="stmt"/>
        <line num="59" count="6" type="stmt"/>
        <line num="63" count="26" type="stmt"/>
        <line num="64" count="2" type="stmt"/>
        <line num="65" count="2" type="stmt"/>
        <line num="66" count="2" type="stmt"/>
        <line num="68" count="2" type="stmt"/>
        <line num="76" count="2" type="cond" truecount="6" falsecount="1"/>
        <line num="77" count="0" type="stmt"/>
        <line num="78" count="0" type="stmt"/>
        <line num="81" count="2" type="stmt"/>
        <line num="82" count="2" type="cond" truecount="2" falsecount="0"/>
        <line num="83" count="1" type="stmt"/>
        <line num="85" count="1" type="stmt"/>
        <line num="86" count="1" type="cond" truecount="1" falsecount="1"/>
        <line num="87" count="0" type="stmt"/>
        <line num="88" count="0" type="stmt"/>
        <line num="89" count="0" type="stmt"/>
        <line num="94" count="0" type="stmt"/>
        <line num="102" count="2" type="stmt"/>
        <line num="103" count="2" type="stmt"/>
        <line num="104" count="2" type="stmt"/>
        <line num="105" count="2" type="stmt"/>
        <line num="107" count="2" type="stmt"/>
        <line num="111" count="26" type="stmt"/>
        <line num="112" count="2" type="stmt"/>
        <line num="113" count="2" type="stmt"/>
        <line num="120" count="2" type="stmt"/>
        <line num="121" count="2" type="stmt"/>
        <line num="124" count="26" type="stmt"/>
        <line num="125" count="1" type="stmt"/>
        <line num="126" count="1" type="cond" truecount="1" falsecount="1"/>
        <line num="127" count="1" type="stmt"/>
        <line num="128" count="1" type="stmt"/>
        <line num="131" count="26" type="stmt"/>
        <line num="132" count="1" type="stmt"/>
        <line num="133" count="1" type="stmt"/>
        <line num="134" count="1" type="stmt"/>
        <line num="137" count="26" type="stmt"/>
        <line num="214" count="2" type="stmt"/>
        <line num="229" count="1" type="stmt"/>
        <line num="244" count="1" type="stmt"/>
        <line num="260" count="1" type="stmt"/>
        <line num="275" count="1" type="stmt"/>
        <line num="291" count="0" type="cond" truecount="0" falsecount="2"/>
        <line num="360" count="0" type="stmt"/>
        <line num="373" count="0" type="stmt"/>
        <line num="423" count="20" type="stmt"/>
        <line num="443" count="2" type="stmt"/>
        <line num="450" count="1" type="stmt"/>
      </file>
      <file name="RequestsPage.tsx" path="C:\Users\henry\Desktop\front\inmobiliaria_frontend\src\pages\dashboard\RequestsPage.tsx">
        <metrics statements="43" coveredstatements="39" conditionals="48" coveredconditionals="37" methods="15" coveredmethods="11"/>
        <line num="25" count="30" type="stmt"/>
        <line num="26" count="30" type="stmt"/>
        <line num="27" count="30" type="stmt"/>
        <line num="28" count="30" type="stmt"/>
        <line num="29" count="30" type="stmt"/>
        <line num="30" count="30" type="stmt"/>
        <line num="33" count="30" type="cond" truecount="2" falsecount="0"/>
        <line num="35" count="30" type="stmt"/>
        <line num="36" count="10" type="stmt"/>
        <line num="39" count="30" type="stmt"/>
        <line num="40" count="13" type="stmt"/>
        <line num="41" count="13" type="stmt"/>
        <line num="42" count="13" type="stmt"/>
        <line num="43" count="13" type="stmt"/>
        <line num="45" count="0" type="stmt"/>
        <line num="46" count="0" type="stmt"/>
        <line num="48" count="13" type="stmt"/>
        <line num="52" count="30" type="stmt"/>
        <line num="56" count="4" type="cond" truecount="1" falsecount="1"/>
        <line num="58" count="4" type="stmt"/>
        <line num="59" count="4" type="stmt"/>
        <line num="60" count="4" type="stmt"/>
        <line num="63" count="2" type="stmt"/>
        <line num="65" count="2" type="stmt"/>
        <line num="70" count="2" type="stmt"/>
        <line num="73" count="2" type="cond" truecount="2" falsecount="1"/>
        <line num="77" count="2" type="stmt"/>
        <line num="79" count="4" type="stmt"/>
        <line num="83" count="30" type="stmt"/>
        <line num="84" count="54" type="cond" truecount="3" falsecount="0"/>
        <line num="86" count="18" type="stmt"/>
        <line num="94" count="18" type="stmt"/>
        <line num="102" count="18" type="stmt"/>
        <line num="112" count="57" type="stmt"/>
        <line num="113" count="57" type="stmt"/>
        <line num="114" count="57" type="stmt"/>
        <line num="116" count="30" type="stmt"/>
        <line num="228" count="0" type="stmt"/>
        <line num="242" count="0" type="stmt"/>
        <line num="273" count="54" type="stmt"/>
        <line num="274" count="54" type="stmt"/>
        <line num="347" count="2" type="stmt"/>
        <line num="360" count="2" type="stmt"/>
      </file>
    </package>
    <package name="pages.public">
      <metrics statements="41" coveredstatements="37" conditionals="37" coveredconditionals="32" methods="21" coveredmethods="15"/>
      <file name="Home.tsx" path="C:\Users\henry\Desktop\front\inmobiliaria_frontend\src\pages\public\Home.tsx">
        <metrics statements="41" coveredstatements="37" conditionals="37" coveredconditionals="32" methods="21" coveredmethods="15"/>
        <line num="31" count="1" type="stmt"/>
        <line num="74" count="41" type="stmt"/>
        <line num="99" count="1" type="stmt"/>
        <line num="152" count="17" type="stmt"/>
        <line num="153" count="17" type="stmt"/>
        <line num="154" count="17" type="stmt"/>
        <line num="155" count="17" type="stmt"/>
        <line num="156" count="17" type="stmt"/>
        <line num="157" count="17" type="stmt"/>
        <line num="160" count="17" type="stmt"/>
        <line num="161" count="16" type="stmt"/>
        <line num="162" count="48" type="cond" truecount="2" falsecount="0"/>
        <line num="164" count="48" type="cond" truecount="2" falsecount="0"/>
        <line num="165" count="48" type="cond" truecount="2" falsecount="0"/>
        <line num="166" count="48" type="cond" truecount="3" falsecount="0"/>
        <line num="171" count="17" type="stmt"/>
        <line num="172" count="17" type="stmt"/>
        <line num="173" count="17" type="stmt"/>
        <line num="176" count="17" type="stmt"/>
        <line num="177" count="17" type="stmt"/>
        <line num="178" count="17" type="cond" truecount="2" falsecount="0"/>
        <line num="179" count="41" type="stmt"/>
        <line num="182" count="17" type="stmt"/>
        <line num="183" count="1" type="stmt"/>
        <line num="184" count="1" type="cond" truecount="1" falsecount="1"/>
        <line num="185" count="0" type="stmt"/>
        <line num="190" count="17" type="stmt"/>
        <line num="191" count="1" type="stmt"/>
        <line num="192" count="1" type="stmt"/>
        <line num="193" count="1" type="stmt"/>
        <line num="194" count="1" type="stmt"/>
        <line num="197" count="17" type="stmt"/>
        <line num="228" count="2" type="stmt"/>
        <line num="238" count="1" type="stmt"/>
        <line num="246" count="1" type="stmt"/>
        <line num="273" count="34" type="stmt"/>
        <line num="275" count="1" type="stmt"/>
        <line num="287" count="0" type="stmt"/>
        <line num="297" count="41" type="stmt"/>
        <line num="311" count="0" type="stmt"/>
        <line num="319" count="0" type="stmt"/>
      </file>
    </package>
  </project>
</coverage>
