{"C:\\Users\\henry\\Desktop\\front\\inmobiliaria_frontend\\src\\api\\axios.ts": {"path":"C:\\Users\\henry\\Desktop\\front\\inmobiliaria_frontend\\src\\api\\axios.ts","statementMap":{"0":{"start":{"line":4,"column":2},"end":{"line":4,"column":null}},"1":{"start":{"line":6,"column":26},"end":{"line":8,"column":null}},"2":{"start":{"line":10,"column":12},"end":{"line":12,"column":null}},"3":{"start":{"line":14,"column":0},"end":{"line":34,"column":null}},"4":{"start":{"line":15,"column":23},"end":{"line":15,"column":null}},"5":{"start":{"line":17,"column":8},"end":{"line":17,"column":null}},"6":{"start":{"line":18,"column":24},"end":{"line":20,"column":null}},"7":{"start":{"line":19,"column":4},"end":{"line":19,"column":null}},"8":{"start":{"line":22,"column":2},"end":{"line":22,"column":null}},"9":{"start":{"line":22,"column":21},"end":{"line":22,"column":null}},"10":{"start":{"line":24,"column":16},"end":{"line":24,"column":null}},"11":{"start":{"line":26,"column":2},"end":{"line":31,"column":null}},"12":{"start":{"line":27,"column":4},"end":{"line":27,"column":null}},"13":{"start":{"line":28,"column":4},"end":{"line":28,"column":null}},"14":{"start":{"line":30,"column":4},"end":{"line":30,"column":null}},"15":{"start":{"line":33,"column":2},"end":{"line":33,"column":null}}},"fnMap":{"0":{"name":"(anonymous_0)","decl":{"start":{"line":14,"column":29},"end":{"line":14,"column":30}},"loc":{"start":{"line":14,"column":41},"end":{"line":34,"column":1}},"line":14},"1":{"name":"(anonymous_1)","decl":{"start":{"line":18,"column":42},"end":{"line":18,"column":43}},"loc":{"start":{"line":19,"column":4},"end":{"line":19,"column":null}},"line":19}},"branchMap":{"0":{"loc":{"start":{"line":4,"column":2},"end":{"line":4,"column":null}},"type":"binary-expr","locations":[{"start":{"line":4,"column":2},"end":{"line":4,"column":34}},{"start":{"line":4,"column":34},"end":{"line":4,"column":null}}],"line":4},"1":{"loc":{"start":{"line":6,"column":26},"end":{"line":8,"column":null}},"type":"cond-expr","locations":[{"start":{"line":7,"column":4},"end":{"line":7,"column":null}},{"start":{"line":8,"column":4},"end":{"line":8,"column":null}}],"line":6},"2":{"loc":{"start":{"line":17,"column":19},"end":{"line":17,"column":44}},"type":"binary-expr","locations":[{"start":{"line":17,"column":19},"end":{"line":17,"column":37}},{"start":{"line":17,"column":37},"end":{"line":17,"column":44}}],"line":17},"3":{"loc":{"start":{"line":17,"column":44},"end":{"line":17,"column":null}},"type":"binary-expr","locations":[{"start":{"line":17,"column":44},"end":{"line":17,"column":58}},{"start":{"line":17,"column":58},"end":{"line":17,"column":null}}],"line":17},"4":{"loc":{"start":{"line":22,"column":2},"end":{"line":22,"column":null}},"type":"if","locations":[{"start":{"line":22,"column":2},"end":{"line":22,"column":null}},{"start":{},"end":{}}],"line":22},"5":{"loc":{"start":{"line":26,"column":2},"end":{"line":31,"column":null}},"type":"if","locations":[{"start":{"line":26,"column":2},"end":{"line":31,"column":null}},{"start":{"line":29,"column":9},"end":{"line":31,"column":null}}],"line":26},"6":{"loc":{"start":{"line":27,"column":21},"end":{"line":27,"column":null}},"type":"binary-expr","locations":[{"start":{"line":27,"column":21},"end":{"line":27,"column":39}},{"start":{"line":27,"column":39},"end":{"line":27,"column":null}}],"line":27}},"s":{"0":1,"1":1,"2":1,"3":1,"4":0,"5":0,"6":0,"7":0,"8":0,"9":0,"10":0,"11":0,"12":0,"13":0,"14":0,"15":0},"f":{"0":0,"1":0},"b":{"0":[1,0],"1":[0,1],"2":[0,0],"3":[0,0],"4":[0,0],"5":[0,0],"6":[0,0]},"meta":{"lastBranch":7,"lastFunction":2,"lastStatement":16,"seen":{"s:4:2:4:Infinity":0,"b:4:2:4:34:4:34:4:Infinity":0,"s:6:26:8:Infinity":1,"b:7:4:7:Infinity:8:4:8:Infinity":1,"s:10:12:12:Infinity":2,"s:14:0:34:Infinity":3,"f:14:29:14:30":0,"s:15:23:15:Infinity":4,"s:17:8:17:Infinity":5,"b:17:19:17:37:17:37:17:44":2,"b:17:44:17:58:17:58:17:Infinity":3,"s:18:24:20:Infinity":6,"f:18:42:18:43":1,"s:19:4:19:Infinity":7,"b:22:2:22:Infinity:undefined:undefined:undefined:undefined":4,"s:22:2:22:Infinity":8,"s:22:21:22:Infinity":9,"s:24:16:24:Infinity":10,"b:26:2:31:Infinity:29:9:31:Infinity":5,"s:26:2:31:Infinity":11,"s:27:4:27:Infinity":12,"b:27:21:27:39:27:39:27:Infinity":6,"s:28:4:28:Infinity":13,"s:30:4:30:Infinity":14,"s:33:2:33:Infinity":15}}}
,"C:\\Users\\henry\\Desktop\\front\\inmobiliaria_frontend\\src\\api\\unwrap.ts": {"path":"C:\\Users\\henry\\Desktop\\front\\inmobiliaria_frontend\\src\\api\\unwrap.ts","statementMap":{"0":{"start":{"line":1,"column":26},"end":{"line":6,"column":null}},"1":{"start":{"line":2,"column":2},"end":{"line":4,"column":null}},"2":{"start":{"line":3,"column":4},"end":{"line":3,"column":null}},"3":{"start":{"line":5,"column":2},"end":{"line":5,"column":null}}},"fnMap":{"0":{"name":"(anonymous_0)","decl":{"start":{"line":1,"column":26},"end":{"line":1,"column":30}},"loc":{"start":{"line":1,"column":50},"end":{"line":6,"column":null}},"line":1}},"branchMap":{"0":{"loc":{"start":{"line":2,"column":2},"end":{"line":4,"column":null}},"type":"if","locations":[{"start":{"line":2,"column":2},"end":{"line":4,"column":null}},{"start":{},"end":{}}],"line":2},"1":{"loc":{"start":{"line":2,"column":6},"end":{"line":2,"column":67}},"type":"binary-expr","locations":[{"start":{"line":2,"column":6},"end":{"line":2,"column":17}},{"start":{"line":2,"column":17},"end":{"line":2,"column":48}},{"start":{"line":2,"column":48},"end":{"line":2,"column":67}}],"line":2}},"s":{"0":1,"1":0,"2":0,"3":0},"f":{"0":0},"b":{"0":[0,0],"1":[0,0,0]},"meta":{"lastBranch":2,"lastFunction":1,"lastStatement":4,"seen":{"s:1:26:6:Infinity":0,"f:1:26:1:30":0,"b:2:2:4:Infinity:undefined:undefined:undefined:undefined":0,"s:2:2:4:Infinity":1,"b:2:6:2:17:2:17:2:48:2:48:2:67":1,"s:3:4:3:Infinity":2,"s:5:2:5:Infinity":3}}}
,"C:\\Users\\henry\\Desktop\\front\\inmobiliaria_frontend\\src\\components\\ProjectsSection.tsx": {"path":"C:\\Users\\henry\\Desktop\\front\\inmobiliaria_frontend\\src\\components\\ProjectsSection.tsx","statementMap":{"0":{"start":{"line":15,"column":33},"end":{"line":40,"column":null}},"1":{"start":{"line":42,"column":2},"end":{"line":115,"column":null}},"2":{"start":{"line":64,"column":34},"end":{"line":64,"column":null}},"3":{"start":{"line":65,"column":12},"end":{"line":110,"column":null}}},"fnMap":{"0":{"name":"SucursalesSection","decl":{"start":{"line":4,"column":24},"end":{"line":4,"column":44}},"loc":{"start":{"line":4,"column":44},"end":{"line":117,"column":null}},"line":4},"1":{"name":"(anonymous_1)","decl":{"start":{"line":63,"column":26},"end":{"line":63,"column":27}},"loc":{"start":{"line":63,"column":45},"end":{"line":112,"column":11}},"line":63}},"branchMap":{},"s":{"0":17,"1":17,"2":51,"3":51},"f":{"0":17,"1":51},"b":{},"meta":{"lastBranch":0,"lastFunction":2,"lastStatement":4,"seen":{"f:4:24:4:44":0,"s:15:33:40:Infinity":0,"s:42:2:115:Infinity":1,"f:63:26:63:27":1,"s:64:34:64:Infinity":2,"s:65:12:110:Infinity":3}}}
,"C:\\Users\\henry\\Desktop\\front\\inmobiliaria_frontend\\src\\components\\ServicesSection.tsx": {"path":"C:\\Users\\henry\\Desktop\\front\\inmobiliaria_frontend\\src\\components\\ServicesSection.tsx","statementMap":{"0":{"start":{"line":2,"column":19},"end":{"line":30,"column":null}},"1":{"start":{"line":32,"column":2},"end":{"line":62,"column":null}},"2":{"start":{"line":47,"column":12},"end":{"line":58,"column":null}}},"fnMap":{"0":{"name":"ServicesSection","decl":{"start":{"line":1,"column":24},"end":{"line":1,"column":42}},"loc":{"start":{"line":1,"column":42},"end":{"line":64,"column":null}},"line":1},"1":{"name":"(anonymous_1)","decl":{"start":{"line":46,"column":24},"end":{"line":46,"column":25}},"loc":{"start":{"line":47,"column":12},"end":{"line":58,"column":null}},"line":47}},"branchMap":{},"s":{"0":17,"1":17,"2":51},"f":{"0":17,"1":51},"b":{},"meta":{"lastBranch":0,"lastFunction":2,"lastStatement":3,"seen":{"f:1:24:1:42":0,"s:2:19:30:Infinity":0,"s:32:2:62:Infinity":1,"f:46:24:46:25":1,"s:47:12:58:Infinity":2}}}
,"C:\\Users\\henry\\Desktop\\front\\inmobiliaria_frontend\\src\\pages\\auth\\Login.tsx": {"path":"C:\\Users\\henry\\Desktop\\front\\inmobiliaria_frontend\\src\\pages\\auth\\Login.tsx","statementMap":{"0":{"start":{"line":17,"column":8},"end":{"line":17,"column":null}},"1":{"start":{"line":18,"column":25},"end":{"line":18,"column":null}},"2":{"start":{"line":20,"column":24},"end":{"line":20,"column":null}},"3":{"start":{"line":21,"column":30},"end":{"line":21,"column":null}},"4":{"start":{"line":22,"column":38},"end":{"line":22,"column":null}},"5":{"start":{"line":23,"column":24},"end":{"line":23,"column":null}},"6":{"start":{"line":25,"column":23},"end":{"line":35,"column":null}},"7":{"start":{"line":26,"column":4},"end":{"line":26,"column":null}},"8":{"start":{"line":27,"column":4},"end":{"line":27,"column":null}},"9":{"start":{"line":29,"column":4},"end":{"line":34,"column":null}},"10":{"start":{"line":30,"column":6},"end":{"line":30,"column":null}},"11":{"start":{"line":31,"column":6},"end":{"line":31,"column":null}},"12":{"start":{"line":33,"column":6},"end":{"line":33,"column":null}},"13":{"start":{"line":37,"column":19},"end":{"line":41,"column":null}},"14":{"start":{"line":43,"column":2},"end":{"line":199,"column":null}},"15":{"start":{"line":76,"column":18},"end":{"line":79,"column":null}},"16":{"start":{"line":129,"column":35},"end":{"line":129,"column":null}},"17":{"start":{"line":152,"column":35},"end":{"line":152,"column":null}},"18":{"start":{"line":159,"column":33},"end":{"line":159,"column":null}}},"fnMap":{"0":{"name":"Login","decl":{"start":{"line":16,"column":24},"end":{"line":16,"column":32}},"loc":{"start":{"line":16,"column":32},"end":{"line":201,"column":null}},"line":16},"1":{"name":"(anonymous_1)","decl":{"start":{"line":25,"column":23},"end":{"line":25,"column":30}},"loc":{"start":{"line":25,"column":70},"end":{"line":35,"column":null}},"line":25},"2":{"name":"(anonymous_2)","decl":{"start":{"line":75,"column":30},"end":{"line":75,"column":31}},"loc":{"start":{"line":76,"column":18},"end":{"line":79,"column":null}},"line":76},"3":{"name":"(anonymous_3)","decl":{"start":{"line":129,"column":28},"end":{"line":129,"column":29}},"loc":{"start":{"line":129,"column":35},"end":{"line":129,"column":null}},"line":129},"4":{"name":"(anonymous_4)","decl":{"start":{"line":152,"column":28},"end":{"line":152,"column":29}},"loc":{"start":{"line":152,"column":35},"end":{"line":152,"column":null}},"line":152},"5":{"name":"(anonymous_5)","decl":{"start":{"line":159,"column":27},"end":{"line":159,"column":33}},"loc":{"start":{"line":159,"column":33},"end":{"line":159,"column":null}},"line":159}},"branchMap":{"0":{"loc":{"start":{"line":111,"column":11},"end":{"line":115,"column":null}},"type":"binary-expr","locations":[{"start":{"line":111,"column":11},"end":{"line":111,"column":null}},{"start":{"line":112,"column":12},"end":{"line":115,"column":null}}],"line":111},"1":{"loc":{"start":{"line":150,"column":24},"end":{"line":150,"column":null}},"type":"cond-expr","locations":[{"start":{"line":150,"column":39},"end":{"line":150,"column":48}},{"start":{"line":150,"column":48},"end":{"line":150,"column":null}}],"line":150},"2":{"loc":{"start":{"line":162,"column":19},"end":{"line":162,"column":null}},"type":"cond-expr","locations":[{"start":{"line":162,"column":34},"end":{"line":162,"column":61}},{"start":{"line":162,"column":61},"end":{"line":162,"column":null}}],"line":162},"3":{"loc":{"start":{"line":173,"column":17},"end":{"line":182,"column":null}},"type":"cond-expr","locations":[{"start":{"line":174,"column":18},"end":{"line":177,"column":null}},{"start":{"line":179,"column":18},"end":{"line":182,"column":null}}],"line":173}},"s":{"0":17,"1":17,"2":17,"3":17,"4":17,"5":17,"6":17,"7":2,"8":2,"9":2,"10":2,"11":1,"12":1,"13":17,"14":17,"15":51,"16":3,"17":3,"18":2},"f":{"0":17,"1":2,"2":51,"3":3,"4":3,"5":2},"b":{"0":[17,1],"1":[1,16],"2":[1,16],"3":[1,16]},"meta":{"lastBranch":4,"lastFunction":6,"lastStatement":19,"seen":{"f:16:24:16:32":0,"s:17:8:17:Infinity":0,"s:18:25:18:Infinity":1,"s:20:24:20:Infinity":2,"s:21:30:21:Infinity":3,"s:22:38:22:Infinity":4,"s:23:24:23:Infinity":5,"s:25:23:35:Infinity":6,"f:25:23:25:30":1,"s:26:4:26:Infinity":7,"s:27:4:27:Infinity":8,"s:29:4:34:Infinity":9,"s:30:6:30:Infinity":10,"s:31:6:31:Infinity":11,"s:33:6:33:Infinity":12,"s:37:19:41:Infinity":13,"s:43:2:199:Infinity":14,"f:75:30:75:31":2,"s:76:18:79:Infinity":15,"b:111:11:111:Infinity:112:12:115:Infinity":0,"f:129:28:129:29":3,"s:129:35:129:Infinity":16,"b:150:39:150:48:150:48:150:Infinity":1,"f:152:28:152:29":4,"s:152:35:152:Infinity":17,"f:159:27:159:33":5,"s:159:33:159:Infinity":18,"b:162:34:162:61:162:61:162:Infinity":2,"b:174:18:177:Infinity:179:18:182:Infinity":3}}}
,"C:\\Users\\henry\\Desktop\\front\\inmobiliaria_frontend\\src\\pages\\auth\\Register.tsx": {"path":"C:\\Users\\henry\\Desktop\\front\\inmobiliaria_frontend\\src\\pages\\auth\\Register.tsx","statementMap":{"0":{"start":{"line":8,"column":8},"end":{"line":8,"column":null}},"1":{"start":{"line":10,"column":24},"end":{"line":10,"column":null}},"2":{"start":{"line":11,"column":30},"end":{"line":11,"column":null}},"3":{"start":{"line":12,"column":38},"end":{"line":12,"column":null}},"4":{"start":{"line":13,"column":24},"end":{"line":13,"column":null}},"5":{"start":{"line":16,"column":34},"end":{"line":16,"column":null}},"6":{"start":{"line":18,"column":23},"end":{"line":39,"column":null}},"7":{"start":{"line":19,"column":4},"end":{"line":19,"column":null}},"8":{"start":{"line":20,"column":4},"end":{"line":20,"column":null}},"9":{"start":{"line":21,"column":4},"end":{"line":21,"column":null}},"10":{"start":{"line":23,"column":4},"end":{"line":38,"column":null}},"11":{"start":{"line":24,"column":23},"end":{"line":24,"column":null}},"12":{"start":{"line":26,"column":18},"end":{"line":26,"column":null}},"13":{"start":{"line":29,"column":20},"end":{"line":29,"column":null}},"14":{"start":{"line":30,"column":6},"end":{"line":30,"column":null}},"15":{"start":{"line":30,"column":18},"end":{"line":30,"column":null}},"16":{"start":{"line":32,"column":6},"end":{"line":32,"column":null}},"17":{"start":{"line":33,"column":6},"end":{"line":33,"column":null}},"18":{"start":{"line":35,"column":6},"end":{"line":35,"column":null}},"19":{"start":{"line":37,"column":6},"end":{"line":37,"column":null}},"20":{"start":{"line":41,"column":19},"end":{"line":45,"column":null}},"21":{"start":{"line":47,"column":2},"end":{"line":169,"column":null}},"22":{"start":{"line":69,"column":16},"end":{"line":77,"column":null}},"23":{"start":{"line":112,"column":33},"end":{"line":112,"column":null}},"24":{"start":{"line":125,"column":35},"end":{"line":125,"column":null}},"25":{"start":{"line":131,"column":33},"end":{"line":131,"column":null}},"26":{"start":{"line":161,"column":29},"end":{"line":161,"column":null}}},"fnMap":{"0":{"name":"Register","decl":{"start":{"line":7,"column":24},"end":{"line":7,"column":35}},"loc":{"start":{"line":7,"column":35},"end":{"line":171,"column":null}},"line":7},"1":{"name":"(anonymous_1)","decl":{"start":{"line":18,"column":23},"end":{"line":18,"column":30}},"loc":{"start":{"line":18,"column":70},"end":{"line":39,"column":null}},"line":18},"2":{"name":"(anonymous_2)","decl":{"start":{"line":68,"column":28},"end":{"line":68,"column":29}},"loc":{"start":{"line":69,"column":16},"end":{"line":77,"column":null}},"line":69},"3":{"name":"(anonymous_3)","decl":{"start":{"line":112,"column":26},"end":{"line":112,"column":27}},"loc":{"start":{"line":112,"column":33},"end":{"line":112,"column":null}},"line":112},"4":{"name":"(anonymous_4)","decl":{"start":{"line":125,"column":28},"end":{"line":125,"column":29}},"loc":{"start":{"line":125,"column":35},"end":{"line":125,"column":null}},"line":125},"5":{"name":"(anonymous_5)","decl":{"start":{"line":131,"column":27},"end":{"line":131,"column":33}},"loc":{"start":{"line":131,"column":33},"end":{"line":131,"column":null}},"line":131},"6":{"name":"(anonymous_6)","decl":{"start":{"line":161,"column":23},"end":{"line":161,"column":29}},"loc":{"start":{"line":161,"column":29},"end":{"line":161,"column":null}},"line":161}},"branchMap":{"0":{"loc":{"start":{"line":30,"column":6},"end":{"line":30,"column":null}},"type":"if","locations":[{"start":{"line":30,"column":6},"end":{"line":30,"column":null}},{"start":{},"end":{}}],"line":30},"1":{"loc":{"start":{"line":98,"column":11},"end":{"line":102,"column":null}},"type":"binary-expr","locations":[{"start":{"line":98,"column":11},"end":{"line":98,"column":null}},{"start":{"line":99,"column":12},"end":{"line":102,"column":null}}],"line":98},"2":{"loc":{"start":{"line":122,"column":24},"end":{"line":122,"column":null}},"type":"cond-expr","locations":[{"start":{"line":122,"column":39},"end":{"line":122,"column":48}},{"start":{"line":122,"column":48},"end":{"line":122,"column":null}}],"line":122},"3":{"loc":{"start":{"line":134,"column":19},"end":{"line":134,"column":null}},"type":"cond-expr","locations":[{"start":{"line":134,"column":34},"end":{"line":134,"column":61}},{"start":{"line":134,"column":61},"end":{"line":134,"column":null}}],"line":134},"4":{"loc":{"start":{"line":144,"column":15},"end":{"line":153,"column":null}},"type":"cond-expr","locations":[{"start":{"line":145,"column":16},"end":{"line":151,"column":null}},{"start":{"line":153,"column":16},"end":{"line":153,"column":null}}],"line":144}},"s":{"0":27,"1":27,"2":27,"3":27,"4":27,"5":27,"6":27,"7":4,"8":4,"9":4,"10":4,"11":4,"12":4,"13":3,"14":4,"15":1,"16":2,"17":2,"18":2,"19":4,"20":27,"21":27,"22":81,"23":5,"24":5,"25":2,"26":1},"f":{"0":27,"1":4,"2":81,"3":5,"4":5,"5":2,"6":1},"b":{"0":[1,3],"1":[27,2],"2":[1,26],"3":[1,26],"4":[4,23]},"meta":{"lastBranch":5,"lastFunction":7,"lastStatement":27,"seen":{"f:7:24:7:35":0,"s:8:8:8:Infinity":0,"s:10:24:10:Infinity":1,"s:11:30:11:Infinity":2,"s:12:38:12:Infinity":3,"s:13:24:13:Infinity":4,"s:16:34:16:Infinity":5,"s:18:23:39:Infinity":6,"f:18:23:18:30":1,"s:19:4:19:Infinity":7,"s:20:4:20:Infinity":8,"s:21:4:21:Infinity":9,"s:23:4:38:Infinity":10,"s:24:23:24:Infinity":11,"s:26:18:26:Infinity":12,"s:29:20:29:Infinity":13,"b:30:6:30:Infinity:undefined:undefined:undefined:undefined":0,"s:30:6:30:Infinity":14,"s:30:18:30:Infinity":15,"s:32:6:32:Infinity":16,"s:33:6:33:Infinity":17,"s:35:6:35:Infinity":18,"s:37:6:37:Infinity":19,"s:41:19:45:Infinity":20,"s:47:2:169:Infinity":21,"f:68:28:68:29":2,"s:69:16:77:Infinity":22,"b:98:11:98:Infinity:99:12:102:Infinity":1,"f:112:26:112:27":3,"s:112:33:112:Infinity":23,"b:122:39:122:48:122:48:122:Infinity":2,"f:125:28:125:29":4,"s:125:35:125:Infinity":24,"f:131:27:131:33":5,"s:131:33:131:Infinity":25,"b:134:34:134:61:134:61:134:Infinity":3,"b:145:16:151:Infinity:153:16:153:Infinity":4,"f:161:23:161:29":6,"s:161:29:161:Infinity":26}}}
,"C:\\Users\\henry\\Desktop\\front\\inmobiliaria_frontend\\src\\pages\\dashboard\\MailPage.tsx": {"path":"C:\\Users\\henry\\Desktop\\front\\inmobiliaria_frontend\\src\\pages\\dashboard\\MailPage.tsx","statementMap":{"0":{"start":{"line":28,"column":18},"end":{"line":28,"column":null}},"1":{"start":{"line":29,"column":28},"end":{"line":29,"column":null}},"2":{"start":{"line":30,"column":28},"end":{"line":30,"column":null}},"3":{"start":{"line":31,"column":26},"end":{"line":31,"column":null}},"4":{"start":{"line":32,"column":28},"end":{"line":32,"column":null}},"5":{"start":{"line":33,"column":32},"end":{"line":33,"column":null}},"6":{"start":{"line":34,"column":32},"end":{"line":34,"column":null}},"7":{"start":{"line":35,"column":38},"end":{"line":35,"column":null}},"8":{"start":{"line":38,"column":2},"end":{"line":64,"column":null}},"9":{"start":{"line":39,"column":33},"end":{"line":62,"column":null}},"10":{"start":{"line":63,"column":4},"end":{"line":63,"column":null}},"11":{"start":{"line":66,"column":23},"end":{"line":124,"column":null}},"12":{"start":{"line":67,"column":4},"end":{"line":67,"column":null}},"13":{"start":{"line":68,"column":4},"end":{"line":68,"column":null}},"14":{"start":{"line":70,"column":20},"end":{"line":74,"column":null}},"15":{"start":{"line":76,"column":4},"end":{"line":79,"column":null}},"16":{"start":{"line":77,"column":6},"end":{"line":77,"column":null}},"17":{"start":{"line":78,"column":6},"end":{"line":78,"column":null}},"18":{"start":{"line":82,"column":23},"end":{"line":82,"column":null}},"19":{"start":{"line":83,"column":4},"end":{"line":86,"column":null}},"20":{"start":{"line":84,"column":6},"end":{"line":84,"column":null}},"21":{"start":{"line":85,"column":6},"end":{"line":85,"column":null}},"22":{"start":{"line":88,"column":4},"end":{"line":88,"column":null}},"23":{"start":{"line":89,"column":4},"end":{"line":123,"column":null}},"24":{"start":{"line":90,"column":6},"end":{"line":90,"column":null}},"25":{"start":{"line":91,"column":6},"end":{"line":91,"column":null}},"26":{"start":{"line":94,"column":31},"end":{"line":100,"column":null}},"27":{"start":{"line":101,"column":6},"end":{"line":101,"column":null}},"28":{"start":{"line":101,"column":27},"end":{"line":101,"column":44}},"29":{"start":{"line":104,"column":6},"end":{"line":104,"column":null}},"30":{"start":{"line":105,"column":6},"end":{"line":105,"column":null}},"31":{"start":{"line":106,"column":6},"end":{"line":106,"column":null}},"32":{"start":{"line":108,"column":6},"end":{"line":108,"column":null}},"33":{"start":{"line":109,"column":6},"end":{"line":109,"column":null}},"34":{"start":{"line":112,"column":34},"end":{"line":119,"column":null}},"35":{"start":{"line":120,"column":6},"end":{"line":120,"column":null}},"36":{"start":{"line":120,"column":27},"end":{"line":120,"column":47}},"37":{"start":{"line":122,"column":6},"end":{"line":122,"column":null}},"38":{"start":{"line":126,"column":26},"end":{"line":153,"column":null}},"39":{"start":{"line":127,"column":4},"end":{"line":152,"column":null}},"40":{"start":{"line":129,"column":8},"end":{"line":135,"column":null}},"41":{"start":{"line":137,"column":8},"end":{"line":143,"column":null}},"42":{"start":{"line":145,"column":8},"end":{"line":151,"column":null}},"43":{"start":{"line":155,"column":23},"end":{"line":157,"column":null}},"44":{"start":{"line":156,"column":4},"end":{"line":156,"column":null}},"45":{"start":{"line":159,"column":16},"end":{"line":163,"column":null}},"46":{"start":{"line":161,"column":34},"end":{"line":161,"column":55}},"47":{"start":{"line":162,"column":36},"end":{"line":162,"column":59}},"48":{"start":{"line":165,"column":2},"end":{"line":416,"column":null}},"49":{"start":{"line":231,"column":25},"end":{"line":231,"column":null}},"50":{"start":{"line":241,"column":25},"end":{"line":241,"column":null}},"51":{"start":{"line":276,"column":37},"end":{"line":276,"column":null}},"52":{"start":{"line":290,"column":37},"end":{"line":290,"column":null}},"53":{"start":{"line":302,"column":35},"end":{"line":302,"column":null}},"54":{"start":{"line":340,"column":37},"end":{"line":340,"column":null}},"55":{"start":{"line":363,"column":41},"end":{"line":363,"column":null}},"56":{"start":{"line":364,"column":33},"end":{"line":364,"column":null}},"57":{"start":{"line":366,"column":20},"end":{"line":397,"column":null}}},"fnMap":{"0":{"name":"MailPage","decl":{"start":{"line":27,"column":24},"end":{"line":27,"column":35}},"loc":{"start":{"line":27,"column":35},"end":{"line":418,"column":null}},"line":27},"1":{"name":"(anonymous_1)","decl":{"start":{"line":38,"column":12},"end":{"line":38,"column":18}},"loc":{"start":{"line":38,"column":18},"end":{"line":64,"column":5}},"line":38},"2":{"name":"(anonymous_2)","decl":{"start":{"line":66,"column":23},"end":{"line":66,"column":30}},"loc":{"start":{"line":66,"column":53},"end":{"line":124,"column":null}},"line":66},"3":{"name":"(anonymous_3)","decl":{"start":{"line":101,"column":19},"end":{"line":101,"column":27}},"loc":{"start":{"line":101,"column":27},"end":{"line":101,"column":44}},"line":101},"4":{"name":"(anonymous_4)","decl":{"start":{"line":120,"column":19},"end":{"line":120,"column":27}},"loc":{"start":{"line":120,"column":27},"end":{"line":120,"column":47}},"line":120},"5":{"name":"(anonymous_5)","decl":{"start":{"line":126,"column":26},"end":{"line":126,"column":27}},"loc":{"start":{"line":126,"column":46},"end":{"line":153,"column":null}},"line":126},"6":{"name":"(anonymous_6)","decl":{"start":{"line":155,"column":40},"end":{"line":155,"column":null}},"loc":{"start":{"line":156,"column":4},"end":{"line":156,"column":null}},"line":156},"7":{"name":"(anonymous_7)","decl":{"start":{"line":161,"column":27},"end":{"line":161,"column":34}},"loc":{"start":{"line":161,"column":34},"end":{"line":161,"column":55}},"line":161},"8":{"name":"(anonymous_8)","decl":{"start":{"line":162,"column":29},"end":{"line":162,"column":36}},"loc":{"start":{"line":162,"column":36},"end":{"line":162,"column":59}},"line":162},"9":{"name":"(anonymous_9)","decl":{"start":{"line":231,"column":19},"end":{"line":231,"column":25}},"loc":{"start":{"line":231,"column":25},"end":{"line":231,"column":null}},"line":231},"10":{"name":"(anonymous_10)","decl":{"start":{"line":241,"column":19},"end":{"line":241,"column":25}},"loc":{"start":{"line":241,"column":25},"end":{"line":241,"column":null}},"line":241},"11":{"name":"(anonymous_11)","decl":{"start":{"line":276,"column":30},"end":{"line":276,"column":31}},"loc":{"start":{"line":276,"column":37},"end":{"line":276,"column":null}},"line":276},"12":{"name":"(anonymous_12)","decl":{"start":{"line":290,"column":30},"end":{"line":290,"column":31}},"loc":{"start":{"line":290,"column":37},"end":{"line":290,"column":null}},"line":290},"13":{"name":"(anonymous_13)","decl":{"start":{"line":302,"column":28},"end":{"line":302,"column":29}},"loc":{"start":{"line":302,"column":35},"end":{"line":302,"column":null}},"line":302},"14":{"name":"(anonymous_14)","decl":{"start":{"line":340,"column":30},"end":{"line":340,"column":31}},"loc":{"start":{"line":340,"column":37},"end":{"line":340,"column":null}},"line":340},"15":{"name":"(anonymous_15)","decl":{"start":{"line":362,"column":36},"end":{"line":362,"column":37}},"loc":{"start":{"line":362,"column":45},"end":{"line":399,"column":19}},"line":362}},"branchMap":{"0":{"loc":{"start":{"line":76,"column":4},"end":{"line":79,"column":null}},"type":"if","locations":[{"start":{"line":76,"column":4},"end":{"line":79,"column":null}},{"start":{},"end":{}}],"line":76},"1":{"loc":{"start":{"line":76,"column":8},"end":{"line":76,"column":61}},"type":"binary-expr","locations":[{"start":{"line":76,"column":8},"end":{"line":76,"column":23}},{"start":{"line":76,"column":23},"end":{"line":76,"column":43}},{"start":{"line":76,"column":43},"end":{"line":76,"column":61}}],"line":76},"2":{"loc":{"start":{"line":83,"column":4},"end":{"line":86,"column":null}},"type":"if","locations":[{"start":{"line":83,"column":4},"end":{"line":86,"column":null}},{"start":{},"end":{}}],"line":83},"3":{"loc":{"start":{"line":127,"column":4},"end":{"line":152,"column":null}},"type":"switch","locations":[{"start":{"line":128,"column":6},"end":{"line":135,"column":null}},{"start":{"line":136,"column":6},"end":{"line":143,"column":null}},{"start":{"line":144,"column":6},"end":{"line":151,"column":null}}],"line":127},"4":{"loc":{"start":{"line":156,"column":4},"end":{"line":156,"column":null}},"type":"binary-expr","locations":[{"start":{"line":156,"column":4},"end":{"line":156,"column":30}},{"start":{"line":156,"column":30},"end":{"line":156,"column":null}}],"line":156},"5":{"loc":{"start":{"line":233,"column":12},"end":{"line":235,"column":null}},"type":"cond-expr","locations":[{"start":{"line":234,"column":16},"end":{"line":234,"column":null}},{"start":{"line":235,"column":16},"end":{"line":235,"column":null}}],"line":233},"6":{"loc":{"start":{"line":243,"column":12},"end":{"line":245,"column":null}},"type":"cond-expr","locations":[{"start":{"line":244,"column":16},"end":{"line":244,"column":null}},{"start":{"line":245,"column":16},"end":{"line":245,"column":null}}],"line":243},"7":{"loc":{"start":{"line":253,"column":7},"end":{"line":414,"column":null}},"type":"cond-expr","locations":[{"start":{"line":255,"column":8},"end":{"line":329,"column":null}},{"start":{"line":332,"column":8},"end":{"line":414,"column":null}}],"line":253},"8":{"loc":{"start":{"line":314,"column":19},"end":{"line":314,"column":null}},"type":"cond-expr","locations":[{"start":{"line":314,"column":29},"end":{"line":314,"column":45}},{"start":{"line":314,"column":45},"end":{"line":314,"column":null}}],"line":314},"9":{"loc":{"start":{"line":317,"column":17},"end":{"line":324,"column":null}},"type":"binary-expr","locations":[{"start":{"line":317,"column":17},"end":{"line":317,"column":null}},{"start":{"line":318,"column":18},"end":{"line":324,"column":null}}],"line":317},"10":{"loc":{"start":{"line":319,"column":20},"end":{"line":321,"column":null}},"type":"cond-expr","locations":[{"start":{"line":320,"column":24},"end":{"line":320,"column":null}},{"start":{"line":321,"column":24},"end":{"line":321,"column":null}}],"line":319},"11":{"loc":{"start":{"line":356,"column":45},"end":{"line":356,"column":82}},"type":"cond-expr","locations":[{"start":{"line":356,"column":73},"end":{"line":356,"column":79}},{"start":{"line":356,"column":79},"end":{"line":356,"column":82}}],"line":356},"12":{"loc":{"start":{"line":356,"column":94},"end":{"line":356,"column":null}},"type":"cond-expr","locations":[{"start":{"line":356,"column":122},"end":{"line":356,"column":128}},{"start":{"line":356,"column":128},"end":{"line":356,"column":null}}],"line":356},"13":{"loc":{"start":{"line":360,"column":15},"end":{"line":410,"column":null}},"type":"cond-expr","locations":[{"start":{"line":361,"column":16},"end":{"line":400,"column":null}},{"start":{"line":402,"column":16},"end":{"line":410,"column":null}}],"line":360},"14":{"loc":{"start":{"line":391,"column":27},"end":{"line":394,"column":null}},"type":"binary-expr","locations":[{"start":{"line":391,"column":27},"end":{"line":391,"column":null}},{"start":{"line":392,"column":28},"end":{"line":394,"column":null}}],"line":391}},"s":{"0":34,"1":34,"2":34,"3":34,"4":34,"5":34,"6":34,"7":34,"8":34,"9":7,"10":7,"11":34,"12":3,"13":3,"14":3,"15":3,"16":0,"17":0,"18":3,"19":3,"20":1,"21":1,"22":2,"23":2,"24":2,"25":1,"26":1,"27":1,"28":1,"29":1,"30":1,"31":1,"32":1,"33":1,"34":1,"35":1,"36":1,"37":2,"38":34,"39":7,"40":4,"41":3,"42":0,"43":34,"44":83,"45":34,"46":83,"47":83,"48":34,"49":0,"50":2,"51":4,"52":4,"53":4,"54":1,"55":7,"56":7,"57":7},"f":{"0":34,"1":7,"2":3,"3":1,"4":1,"5":7,"6":83,"7":83,"8":83,"9":0,"10":2,"11":4,"12":4,"13":4,"14":1,"15":7},"b":{"0":[0,3],"1":[3,3,3],"2":[1,2],"3":[4,3,0],"4":[83,3],"5":[31,3],"6":[3,31],"7":[31,3],"8":[2,29],"9":[31,3],"10":[1,2],"11":[2,1],"12":[2,1],"13":[3,0],"14":[7,3]},"meta":{"lastBranch":15,"lastFunction":16,"lastStatement":58,"seen":{"f:27:24:27:35":0,"s:28:18:28:Infinity":0,"s:29:28:29:Infinity":1,"s:30:28:30:Infinity":2,"s:31:26:31:Infinity":3,"s:32:28:32:Infinity":4,"s:33:32:33:Infinity":5,"s:34:32:34:Infinity":6,"s:35:38:35:Infinity":7,"s:38:2:64:Infinity":8,"f:38:12:38:18":1,"s:39:33:62:Infinity":9,"s:63:4:63:Infinity":10,"s:66:23:124:Infinity":11,"f:66:23:66:30":2,"s:67:4:67:Infinity":12,"s:68:4:68:Infinity":13,"s:70:20:74:Infinity":14,"b:76:4:79:Infinity:undefined:undefined:undefined:undefined":0,"s:76:4:79:Infinity":15,"b:76:8:76:23:76:23:76:43:76:43:76:61":1,"s:77:6:77:Infinity":16,"s:78:6:78:Infinity":17,"s:82:23:82:Infinity":18,"b:83:4:86:Infinity:undefined:undefined:undefined:undefined":2,"s:83:4:86:Infinity":19,"s:84:6:84:Infinity":20,"s:85:6:85:Infinity":21,"s:88:4:88:Infinity":22,"s:89:4:123:Infinity":23,"s:90:6:90:Infinity":24,"s:91:6:91:Infinity":25,"s:94:31:100:Infinity":26,"s:101:6:101:Infinity":27,"f:101:19:101:27":3,"s:101:27:101:44":28,"s:104:6:104:Infinity":29,"s:105:6:105:Infinity":30,"s:106:6:106:Infinity":31,"s:108:6:108:Infinity":32,"s:109:6:109:Infinity":33,"s:112:34:119:Infinity":34,"s:120:6:120:Infinity":35,"f:120:19:120:27":4,"s:120:27:120:47":36,"s:122:6:122:Infinity":37,"s:126:26:153:Infinity":38,"f:126:26:126:27":5,"b:128:6:135:Infinity:136:6:143:Infinity:144:6:151:Infinity":3,"s:127:4:152:Infinity":39,"s:129:8:135:Infinity":40,"s:137:8:143:Infinity":41,"s:145:8:151:Infinity":42,"s:155:23:157:Infinity":43,"f:155:40:155:Infinity":6,"s:156:4:156:Infinity":44,"b:156:4:156:30:156:30:156:Infinity":4,"s:159:16:163:Infinity":45,"f:161:27:161:34":7,"s:161:34:161:55":46,"f:162:29:162:36":8,"s:162:36:162:59":47,"s:165:2:416:Infinity":48,"f:231:19:231:25":9,"s:231:25:231:Infinity":49,"b:234:16:234:Infinity:235:16:235:Infinity":5,"f:241:19:241:25":10,"s:241:25:241:Infinity":50,"b:244:16:244:Infinity:245:16:245:Infinity":6,"b:255:8:329:Infinity:332:8:414:Infinity":7,"f:276:30:276:31":11,"s:276:37:276:Infinity":51,"f:290:30:290:31":12,"s:290:37:290:Infinity":52,"f:302:28:302:29":13,"s:302:35:302:Infinity":53,"b:314:29:314:45:314:45:314:Infinity":8,"b:317:17:317:Infinity:318:18:324:Infinity":9,"b:320:24:320:Infinity:321:24:321:Infinity":10,"f:340:30:340:31":14,"s:340:37:340:Infinity":54,"b:356:73:356:79:356:79:356:82":11,"b:356:122:356:128:356:128:356:Infinity":12,"b:361:16:400:Infinity:402:16:410:Infinity":13,"f:362:36:362:37":15,"s:363:41:363:Infinity":55,"s:364:33:364:Infinity":56,"s:366:20:397:Infinity":57,"b:391:27:391:Infinity:392:28:394:Infinity":14}}}
,"C:\\Users\\henry\\Desktop\\front\\inmobiliaria_frontend\\src\\pages\\dashboard\\PropertiesPage.tsx": {"path":"C:\\Users\\henry\\Desktop\\front\\inmobiliaria_frontend\\src\\pages\\dashboard\\PropertiesPage.tsx","statementMap":{"0":{"start":{"line":25,"column":29},"end":{"line":31,"column":null}},"1":{"start":{"line":34,"column":24},"end":{"line":34,"column":null}},"2":{"start":{"line":35,"column":28},"end":{"line":35,"column":null}},"3":{"start":{"line":36,"column":34},"end":{"line":36,"column":null}},"4":{"start":{"line":37,"column":32},"end":{"line":37,"column":null}},"5":{"start":{"line":38,"column":38},"end":{"line":38,"column":null}},"6":{"start":{"line":40,"column":22},"end":{"line":40,"column":null}},"7":{"start":{"line":41,"column":14},"end":{"line":41,"column":null}},"8":{"start":{"line":42,"column":34},"end":{"line":42,"column":null}},"9":{"start":{"line":44,"column":22},"end":{"line":44,"column":null}},"10":{"start":{"line":45,"column":32},"end":{"line":45,"column":null}},"11":{"start":{"line":47,"column":15},"end":{"line":56,"column":null}},"12":{"start":{"line":48,"column":4},"end":{"line":48,"column":null}},"13":{"start":{"line":49,"column":4},"end":{"line":55,"column":null}},"14":{"start":{"line":50,"column":18},"end":{"line":50,"column":null}},"15":{"start":{"line":51,"column":6},"end":{"line":51,"column":null}},"16":{"start":{"line":52,"column":6},"end":{"line":52,"column":null}},"17":{"start":{"line":54,"column":6},"end":{"line":54,"column":null}},"18":{"start":{"line":58,"column":2},"end":{"line":61,"column":null}},"19":{"start":{"line":59,"column":4},"end":{"line":59,"column":null}},"20":{"start":{"line":63,"column":19},"end":{"line":109,"column":null}},"21":{"start":{"line":64,"column":4},"end":{"line":64,"column":null}},"22":{"start":{"line":65,"column":4},"end":{"line":65,"column":null}},"23":{"start":{"line":66,"column":4},"end":{"line":66,"column":null}},"24":{"start":{"line":68,"column":20},"end":{"line":74,"column":null}},"25":{"start":{"line":76,"column":4},"end":{"line":79,"column":null}},"26":{"start":{"line":77,"column":6},"end":{"line":77,"column":null}},"27":{"start":{"line":78,"column":6},"end":{"line":78,"column":null}},"28":{"start":{"line":81,"column":4},"end":{"line":108,"column":null}},"29":{"start":{"line":82,"column":6},"end":{"line":100,"column":null}},"30":{"start":{"line":83,"column":8},"end":{"line":83,"column":null}},"31":{"start":{"line":85,"column":24},"end":{"line":85,"column":null}},"32":{"start":{"line":86,"column":8},"end":{"line":99,"column":null}},"33":{"start":{"line":87,"column":10},"end":{"line":98,"column":null}},"34":{"start":{"line":88,"column":12},"end":{"line":88,"column":null}},"35":{"start":{"line":89,"column":12},"end":{"line":92,"column":null}},"36":{"start":{"line":94,"column":12},"end":{"line":97,"column":null}},"37":{"start":{"line":102,"column":6},"end":{"line":102,"column":null}},"38":{"start":{"line":103,"column":6},"end":{"line":103,"column":null}},"39":{"start":{"line":104,"column":6},"end":{"line":104,"column":null}},"40":{"start":{"line":105,"column":6},"end":{"line":105,"column":null}},"41":{"start":{"line":107,"column":6},"end":{"line":107,"column":null}},"42":{"start":{"line":111,"column":17},"end":{"line":122,"column":null}},"43":{"start":{"line":112,"column":4},"end":{"line":112,"column":null}},"44":{"start":{"line":113,"column":4},"end":{"line":119,"column":null}},"45":{"start":{"line":120,"column":4},"end":{"line":120,"column":null}},"46":{"start":{"line":121,"column":4},"end":{"line":121,"column":null}},"47":{"start":{"line":124,"column":19},"end":{"line":129,"column":null}},"48":{"start":{"line":125,"column":15},"end":{"line":125,"column":null}},"49":{"start":{"line":126,"column":4},"end":{"line":126,"column":null}},"50":{"start":{"line":126,"column":13},"end":{"line":126,"column":null}},"51":{"start":{"line":127,"column":4},"end":{"line":127,"column":null}},"52":{"start":{"line":128,"column":4},"end":{"line":128,"column":null}},"53":{"start":{"line":131,"column":21},"end":{"line":135,"column":null}},"54":{"start":{"line":132,"column":4},"end":{"line":132,"column":null}},"55":{"start":{"line":133,"column":4},"end":{"line":133,"column":null}},"56":{"start":{"line":134,"column":4},"end":{"line":134,"column":null}},"57":{"start":{"line":137,"column":2},"end":{"line":467,"column":null}},"58":{"start":{"line":214,"column":37},"end":{"line":214,"column":null}},"59":{"start":{"line":229,"column":37},"end":{"line":229,"column":null}},"60":{"start":{"line":244,"column":37},"end":{"line":244,"column":null}},"61":{"start":{"line":260,"column":37},"end":{"line":260,"column":null}},"62":{"start":{"line":275,"column":35},"end":{"line":275,"column":null}},"63":{"start":{"line":291,"column":37},"end":{"line":291,"column":null}},"64":{"start":{"line":360,"column":35},"end":{"line":360,"column":null}},"65":{"start":{"line":360,"column":50},"end":{"line":360,"column":55}},"66":{"start":{"line":373,"column":35},"end":{"line":373,"column":null}},"67":{"start":{"line":373,"column":50},"end":{"line":373,"column":55}},"68":{"start":{"line":423,"column":22},"end":{"line":458,"column":null}},"69":{"start":{"line":443,"column":45},"end":{"line":443,"column":null}},"70":{"start":{"line":450,"column":45},"end":{"line":450,"column":null}}},"fnMap":{"0":{"name":"PropertiesPage","decl":{"start":{"line":33,"column":24},"end":{"line":33,"column":41}},"loc":{"start":{"line":33,"column":41},"end":{"line":469,"column":null}},"line":33},"1":{"name":"(anonymous_1)","decl":{"start":{"line":47,"column":15},"end":{"line":47,"column":27}},"loc":{"start":{"line":47,"column":27},"end":{"line":56,"column":null}},"line":47},"2":{"name":"(anonymous_2)","decl":{"start":{"line":58,"column":12},"end":{"line":58,"column":18}},"loc":{"start":{"line":58,"column":18},"end":{"line":61,"column":5}},"line":58},"3":{"name":"(anonymous_3)","decl":{"start":{"line":63,"column":19},"end":{"line":63,"column":26}},"loc":{"start":{"line":63,"column":49},"end":{"line":109,"column":null}},"line":63},"4":{"name":"(anonymous_4)","decl":{"start":{"line":111,"column":17},"end":{"line":111,"column":18}},"loc":{"start":{"line":111,"column":34},"end":{"line":122,"column":null}},"line":111},"5":{"name":"(anonymous_5)","decl":{"start":{"line":124,"column":19},"end":{"line":124,"column":26}},"loc":{"start":{"line":124,"column":41},"end":{"line":129,"column":null}},"line":124},"6":{"name":"(anonymous_6)","decl":{"start":{"line":131,"column":21},"end":{"line":131,"column":27}},"loc":{"start":{"line":131,"column":27},"end":{"line":135,"column":null}},"line":131},"7":{"name":"(anonymous_7)","decl":{"start":{"line":214,"column":30},"end":{"line":214,"column":31}},"loc":{"start":{"line":214,"column":37},"end":{"line":214,"column":null}},"line":214},"8":{"name":"(anonymous_8)","decl":{"start":{"line":229,"column":30},"end":{"line":229,"column":31}},"loc":{"start":{"line":229,"column":37},"end":{"line":229,"column":null}},"line":229},"9":{"name":"(anonymous_9)","decl":{"start":{"line":244,"column":30},"end":{"line":244,"column":31}},"loc":{"start":{"line":244,"column":37},"end":{"line":244,"column":null}},"line":244},"10":{"name":"(anonymous_10)","decl":{"start":{"line":260,"column":30},"end":{"line":260,"column":31}},"loc":{"start":{"line":260,"column":37},"end":{"line":260,"column":null}},"line":260},"11":{"name":"(anonymous_11)","decl":{"start":{"line":275,"column":28},"end":{"line":275,"column":29}},"loc":{"start":{"line":275,"column":35},"end":{"line":275,"column":null}},"line":275},"12":{"name":"(anonymous_12)","decl":{"start":{"line":291,"column":30},"end":{"line":291,"column":31}},"loc":{"start":{"line":291,"column":37},"end":{"line":291,"column":null}},"line":291},"13":{"name":"(anonymous_13)","decl":{"start":{"line":360,"column":29},"end":{"line":360,"column":35}},"loc":{"start":{"line":360,"column":35},"end":{"line":360,"column":null}},"line":360},"14":{"name":"(anonymous_14)","decl":{"start":{"line":360,"column":43},"end":{"line":360,"column":44}},"loc":{"start":{"line":360,"column":50},"end":{"line":360,"column":55}},"line":360},"15":{"name":"(anonymous_15)","decl":{"start":{"line":373,"column":29},"end":{"line":373,"column":35}},"loc":{"start":{"line":373,"column":35},"end":{"line":373,"column":null}},"line":373},"16":{"name":"(anonymous_16)","decl":{"start":{"line":373,"column":43},"end":{"line":373,"column":44}},"loc":{"start":{"line":373,"column":50},"end":{"line":373,"column":55}},"line":373},"17":{"name":"(anonymous_17)","decl":{"start":{"line":422,"column":31},"end":{"line":422,"column":32}},"loc":{"start":{"line":423,"column":22},"end":{"line":458,"column":null}},"line":423},"18":{"name":"(anonymous_18)","decl":{"start":{"line":443,"column":39},"end":{"line":443,"column":45}},"loc":{"start":{"line":443,"column":45},"end":{"line":443,"column":null}},"line":443},"19":{"name":"(anonymous_19)","decl":{"start":{"line":450,"column":39},"end":{"line":450,"column":45}},"loc":{"start":{"line":450,"column":45},"end":{"line":450,"column":null}},"line":450}},"branchMap":{"0":{"loc":{"start":{"line":52,"column":20},"end":{"line":52,"column":44}},"type":"binary-expr","locations":[{"start":{"line":52,"column":20},"end":{"line":52,"column":43}},{"start":{"line":52,"column":43},"end":{"line":52,"column":44}}],"line":52},"1":{"loc":{"start":{"line":76,"column":4},"end":{"line":79,"column":null}},"type":"if","locations":[{"start":{"line":76,"column":4},"end":{"line":79,"column":null}},{"start":{},"end":{}}],"line":76},"2":{"loc":{"start":{"line":76,"column":8},"end":{"line":76,"column":103}},"type":"binary-expr","locations":[{"start":{"line":76,"column":8},"end":{"line":76,"column":26}},{"start":{"line":76,"column":26},"end":{"line":76,"column":46}},{"start":{"line":76,"column":46},"end":{"line":76,"column":63}},{"start":{"line":76,"column":63},"end":{"line":76,"column":81}},{"start":{"line":76,"column":81},"end":{"line":76,"column":103}}],"line":76},"3":{"loc":{"start":{"line":82,"column":6},"end":{"line":100,"column":null}},"type":"if","locations":[{"start":{"line":82,"column":6},"end":{"line":100,"column":null}},{"start":{"line":84,"column":13},"end":{"line":100,"column":null}}],"line":82},"4":{"loc":{"start":{"line":86,"column":8},"end":{"line":99,"column":null}},"type":"if","locations":[{"start":{"line":86,"column":8},"end":{"line":99,"column":null}},{"start":{},"end":{}}],"line":86},"5":{"loc":{"start":{"line":126,"column":4},"end":{"line":126,"column":null}},"type":"if","locations":[{"start":{"line":126,"column":4},"end":{"line":126,"column":null}},{"start":{},"end":{}}],"line":126},"6":{"loc":{"start":{"line":191,"column":17},"end":{"line":191,"column":null}},"type":"cond-expr","locations":[{"start":{"line":191,"column":29},"end":{"line":191,"column":62}},{"start":{"line":191,"column":62},"end":{"line":191,"column":null}}],"line":191},"7":{"loc":{"start":{"line":195,"column":19},"end":{"line":195,"column":null}},"type":"cond-expr","locations":[{"start":{"line":195,"column":31},"end":{"line":195,"column":52}},{"start":{"line":195,"column":52},"end":{"line":195,"column":null}}],"line":195},"8":{"loc":{"start":{"line":198,"column":19},"end":{"line":198,"column":null}},"type":"cond-expr","locations":[{"start":{"line":198,"column":31},"end":{"line":198,"column":70}},{"start":{"line":198,"column":70},"end":{"line":198,"column":null}}],"line":198},"9":{"loc":{"start":{"line":282,"column":15},"end":{"line":294,"column":null}},"type":"binary-expr","locations":[{"start":{"line":282,"column":15},"end":{"line":282,"column":null}},{"start":{"line":283,"column":16},"end":{"line":294,"column":null}}],"line":282},"10":{"loc":{"start":{"line":291,"column":50},"end":{"line":291,"column":77}},"type":"binary-expr","locations":[{"start":{"line":291,"column":50},"end":{"line":291,"column":73}},{"start":{"line":291,"column":73},"end":{"line":291,"column":77}}],"line":291},"11":{"loc":{"start":{"line":303,"column":19},"end":{"line":317,"column":null}},"type":"cond-expr","locations":[{"start":{"line":304,"column":20},"end":{"line":307,"column":null}},{"start":{"line":308,"column":22},"end":{"line":317,"column":null}}],"line":303},"12":{"loc":{"start":{"line":308,"column":22},"end":{"line":317,"column":null}},"type":"cond-expr","locations":[{"start":{"line":309,"column":20},"end":{"line":312,"column":null}},{"start":{"line":314,"column":20},"end":{"line":317,"column":null}}],"line":308},"13":{"loc":{"start":{"line":321,"column":17},"end":{"line":328,"column":null}},"type":"binary-expr","locations":[{"start":{"line":321,"column":17},"end":{"line":321,"column":null}},{"start":{"line":322,"column":18},"end":{"line":328,"column":null}}],"line":321},"14":{"loc":{"start":{"line":332,"column":15},"end":{"line":339,"column":null}},"type":"binary-expr","locations":[{"start":{"line":332,"column":15},"end":{"line":332,"column":null}},{"start":{"line":333,"column":16},"end":{"line":339,"column":null}}],"line":332},"15":{"loc":{"start":{"line":334,"column":18},"end":{"line":336,"column":null}},"type":"cond-expr","locations":[{"start":{"line":335,"column":22},"end":{"line":335,"column":null}},{"start":{"line":336,"column":22},"end":{"line":336,"column":null}}],"line":334},"16":{"loc":{"start":{"line":382,"column":13},"end":{"line":462,"column":null}},"type":"cond-expr","locations":[{"start":{"line":383,"column":14},"end":{"line":388,"column":null}},{"start":{"line":389,"column":16},"end":{"line":462,"column":null}}],"line":382},"17":{"loc":{"start":{"line":389,"column":16},"end":{"line":462,"column":null}},"type":"cond-expr","locations":[{"start":{"line":390,"column":14},"end":{"line":398,"column":null}},{"start":{"line":400,"column":14},"end":{"line":462,"column":null}}],"line":389}},"s":{"0":1,"1":26,"2":26,"3":26,"4":26,"5":26,"6":26,"7":26,"8":26,"9":26,"10":26,"11":26,"12":9,"13":9,"14":9,"15":9,"16":9,"17":9,"18":26,"19":6,"20":26,"21":2,"22":2,"23":2,"24":2,"25":2,"26":0,"27":0,"28":2,"29":2,"30":1,"31":1,"32":1,"33":0,"34":0,"35":0,"36":0,"37":2,"38":2,"39":2,"40":2,"41":2,"42":26,"43":2,"44":2,"45":2,"46":2,"47":26,"48":1,"49":1,"50":0,"51":1,"52":1,"53":26,"54":1,"55":1,"56":1,"57":26,"58":2,"59":1,"60":1,"61":1,"62":1,"63":0,"64":0,"65":0,"66":0,"67":0,"68":20,"69":2,"70":1},"f":{"0":26,"1":9,"2":6,"3":2,"4":2,"5":1,"6":1,"7":2,"8":1,"9":1,"10":1,"11":1,"12":0,"13":0,"14":0,"15":0,"16":0,"17":20,"18":2,"19":1},"b":{"0":[9,0],"1":[0,2],"2":[2,2,2,2,2],"3":[1,1],"4":[0,1],"5":[0,1],"6":[4,22],"7":[4,22],"8":[4,22],"9":[26,22],"10":[0,0],"11":[2,24],"12":[3,21],"13":[26,4],"14":[26,0],"15":[0,0],"16":[6,20],"17":[0,20]},"meta":{"lastBranch":18,"lastFunction":20,"lastStatement":71,"seen":{"s:25:29:31:Infinity":0,"f:33:24:33:41":0,"s:34:24:34:Infinity":1,"s:35:28:35:Infinity":2,"s:36:34:36:Infinity":3,"s:37:32:37:Infinity":4,"s:38:38:38:Infinity":5,"s:40:22:40:Infinity":6,"s:41:14:41:Infinity":7,"s:42:34:42:Infinity":8,"s:44:22:44:Infinity":9,"s:45:32:45:Infinity":10,"s:47:15:56:Infinity":11,"f:47:15:47:27":1,"s:48:4:48:Infinity":12,"s:49:4:55:Infinity":13,"s:50:18:50:Infinity":14,"s:51:6:51:Infinity":15,"s:52:6:52:Infinity":16,"b:52:20:52:43:52:43:52:44":0,"s:54:6:54:Infinity":17,"s:58:2:61:Infinity":18,"f:58:12:58:18":2,"s:59:4:59:Infinity":19,"s:63:19:109:Infinity":20,"f:63:19:63:26":3,"s:64:4:64:Infinity":21,"s:65:4:65:Infinity":22,"s:66:4:66:Infinity":23,"s:68:20:74:Infinity":24,"b:76:4:79:Infinity:undefined:undefined:undefined:undefined":1,"s:76:4:79:Infinity":25,"b:76:8:76:26:76:26:76:46:76:46:76:63:76:63:76:81:76:81:76:103":2,"s:77:6:77:Infinity":26,"s:78:6:78:Infinity":27,"s:81:4:108:Infinity":28,"b:82:6:100:Infinity:84:13:100:Infinity":3,"s:82:6:100:Infinity":29,"s:83:8:83:Infinity":30,"s:85:24:85:Infinity":31,"b:86:8:99:Infinity:undefined:undefined:undefined:undefined":4,"s:86:8:99:Infinity":32,"s:87:10:98:Infinity":33,"s:88:12:88:Infinity":34,"s:89:12:92:Infinity":35,"s:94:12:97:Infinity":36,"s:102:6:102:Infinity":37,"s:103:6:103:Infinity":38,"s:104:6:104:Infinity":39,"s:105:6:105:Infinity":40,"s:107:6:107:Infinity":41,"s:111:17:122:Infinity":42,"f:111:17:111:18":4,"s:112:4:112:Infinity":43,"s:113:4:119:Infinity":44,"s:120:4:120:Infinity":45,"s:121:4:121:Infinity":46,"s:124:19:129:Infinity":47,"f:124:19:124:26":5,"s:125:15:125:Infinity":48,"b:126:4:126:Infinity:undefined:undefined:undefined:undefined":5,"s:126:4:126:Infinity":49,"s:126:13:126:Infinity":50,"s:127:4:127:Infinity":51,"s:128:4:128:Infinity":52,"s:131:21:135:Infinity":53,"f:131:21:131:27":6,"s:132:4:132:Infinity":54,"s:133:4:133:Infinity":55,"s:134:4:134:Infinity":56,"s:137:2:467:Infinity":57,"b:191:29:191:62:191:62:191:Infinity":6,"b:195:31:195:52:195:52:195:Infinity":7,"b:198:31:198:70:198:70:198:Infinity":8,"f:214:30:214:31":7,"s:214:37:214:Infinity":58,"f:229:30:229:31":8,"s:229:37:229:Infinity":59,"f:244:30:244:31":9,"s:244:37:244:Infinity":60,"f:260:30:260:31":10,"s:260:37:260:Infinity":61,"f:275:28:275:29":11,"s:275:35:275:Infinity":62,"b:282:15:282:Infinity:283:16:294:Infinity":9,"f:291:30:291:31":12,"s:291:37:291:Infinity":63,"b:291:50:291:73:291:73:291:77":10,"b:304:20:307:Infinity:308:22:317:Infinity":11,"b:309:20:312:Infinity:314:20:317:Infinity":12,"b:321:17:321:Infinity:322:18:328:Infinity":13,"b:332:15:332:Infinity:333:16:339:Infinity":14,"b:335:22:335:Infinity:336:22:336:Infinity":15,"f:360:29:360:35":13,"s:360:35:360:Infinity":64,"f:360:43:360:44":14,"s:360:50:360:55":65,"f:373:29:373:35":15,"s:373:35:373:Infinity":66,"f:373:43:373:44":16,"s:373:50:373:55":67,"b:383:14:388:Infinity:389:16:462:Infinity":16,"b:390:14:398:Infinity:400:14:462:Infinity":17,"f:422:31:422:32":17,"s:423:22:458:Infinity":68,"f:443:39:443:45":18,"s:443:45:443:Infinity":69,"f:450:39:450:45":19,"s:450:45:450:Infinity":70}}}
,"C:\\Users\\henry\\Desktop\\front\\inmobiliaria_frontend\\src\\pages\\dashboard\\RequestsPage.tsx": {"path":"C:\\Users\\henry\\Desktop\\front\\inmobiliaria_frontend\\src\\pages\\dashboard\\RequestsPage.tsx","statementMap":{"0":{"start":{"line":25,"column":37},"end":{"line":25,"column":null}},"1":{"start":{"line":26,"column":30},"end":{"line":26,"column":null}},"2":{"start":{"line":27,"column":28},"end":{"line":27,"column":null}},"3":{"start":{"line":28,"column":40},"end":{"line":28,"column":null}},"4":{"start":{"line":29,"column":22},"end":{"line":29,"column":null}},"5":{"start":{"line":30,"column":19},"end":{"line":30,"column":null}},"6":{"start":{"line":33,"column":28},"end":{"line":33,"column":null}},"7":{"start":{"line":35,"column":2},"end":{"line":37,"column":null}},"8":{"start":{"line":36,"column":4},"end":{"line":36,"column":null}},"9":{"start":{"line":39,"column":23},"end":{"line":50,"column":null}},"10":{"start":{"line":40,"column":4},"end":{"line":40,"column":null}},"11":{"start":{"line":41,"column":4},"end":{"line":49,"column":null}},"12":{"start":{"line":42,"column":19},"end":{"line":42,"column":null}},"13":{"start":{"line":43,"column":6},"end":{"line":43,"column":null}},"14":{"start":{"line":45,"column":6},"end":{"line":45,"column":null}},"15":{"start":{"line":46,"column":6},"end":{"line":46,"column":null}},"16":{"start":{"line":48,"column":6},"end":{"line":48,"column":null}},"17":{"start":{"line":52,"column":29},"end":{"line":81,"column":null}},"18":{"start":{"line":56,"column":4},"end":{"line":56,"column":null}},"19":{"start":{"line":56,"column":19},"end":{"line":56,"column":null}},"20":{"start":{"line":58,"column":4},"end":{"line":58,"column":null}},"21":{"start":{"line":59,"column":4},"end":{"line":80,"column":null}},"22":{"start":{"line":60,"column":6},"end":{"line":60,"column":null}},"23":{"start":{"line":63,"column":6},"end":{"line":63,"column":null}},"24":{"start":{"line":65,"column":6},"end":{"line":68,"column":null}},"25":{"start":{"line":70,"column":6},"end":{"line":70,"column":null}},"26":{"start":{"line":73,"column":27},"end":{"line":75,"column":null}},"27":{"start":{"line":77,"column":6},"end":{"line":77,"column":null}},"28":{"start":{"line":79,"column":6},"end":{"line":79,"column":null}},"29":{"start":{"line":83,"column":26},"end":{"line":110,"column":null}},"30":{"start":{"line":84,"column":4},"end":{"line":109,"column":null}},"31":{"start":{"line":86,"column":8},"end":{"line":92,"column":null}},"32":{"start":{"line":94,"column":8},"end":{"line":100,"column":null}},"33":{"start":{"line":102,"column":8},"end":{"line":108,"column":null}},"34":{"start":{"line":112,"column":23},"end":{"line":112,"column":null}},"35":{"start":{"line":112,"column":46},"end":{"line":112,"column":68}},"36":{"start":{"line":113,"column":24},"end":{"line":113,"column":null}},"37":{"start":{"line":113,"column":47},"end":{"line":113,"column":70}},"38":{"start":{"line":114,"column":24},"end":{"line":114,"column":null}},"39":{"start":{"line":114,"column":47},"end":{"line":114,"column":70}},"40":{"start":{"line":116,"column":2},"end":{"line":403,"column":null}},"41":{"start":{"line":228,"column":35},"end":{"line":228,"column":null}},"42":{"start":{"line":228,"column":50},"end":{"line":228,"column":55}},"43":{"start":{"line":242,"column":35},"end":{"line":242,"column":null}},"44":{"start":{"line":242,"column":50},"end":{"line":242,"column":55}},"45":{"start":{"line":273,"column":39},"end":{"line":273,"column":null}},"46":{"start":{"line":274,"column":18},"end":{"line":395,"column":null}},"47":{"start":{"line":347,"column":43},"end":{"line":347,"column":null}},"48":{"start":{"line":360,"column":43},"end":{"line":360,"column":null}}},"fnMap":{"0":{"name":"RequestsPage","decl":{"start":{"line":24,"column":24},"end":{"line":24,"column":39}},"loc":{"start":{"line":24,"column":39},"end":{"line":405,"column":null}},"line":24},"1":{"name":"(anonymous_1)","decl":{"start":{"line":35,"column":12},"end":{"line":35,"column":18}},"loc":{"start":{"line":35,"column":18},"end":{"line":37,"column":5}},"line":35},"2":{"name":"(anonymous_2)","decl":{"start":{"line":39,"column":23},"end":{"line":39,"column":35}},"loc":{"start":{"line":39,"column":35},"end":{"line":50,"column":null}},"line":39},"3":{"name":"(anonymous_3)","decl":{"start":{"line":52,"column":29},"end":{"line":52,"column":null}},"loc":{"start":{"line":55,"column":7},"end":{"line":81,"column":null}},"line":55},"4":{"name":"(anonymous_4)","decl":{"start":{"line":83,"column":26},"end":{"line":83,"column":27}},"loc":{"start":{"line":83,"column":46},"end":{"line":110,"column":null}},"line":83},"5":{"name":"(anonymous_5)","decl":{"start":{"line":112,"column":39},"end":{"line":112,"column":40}},"loc":{"start":{"line":112,"column":46},"end":{"line":112,"column":68}},"line":112},"6":{"name":"(anonymous_6)","decl":{"start":{"line":113,"column":40},"end":{"line":113,"column":41}},"loc":{"start":{"line":113,"column":47},"end":{"line":113,"column":70}},"line":113},"7":{"name":"(anonymous_7)","decl":{"start":{"line":114,"column":40},"end":{"line":114,"column":41}},"loc":{"start":{"line":114,"column":47},"end":{"line":114,"column":70}},"line":114},"8":{"name":"(anonymous_8)","decl":{"start":{"line":228,"column":29},"end":{"line":228,"column":35}},"loc":{"start":{"line":228,"column":35},"end":{"line":228,"column":null}},"line":228},"9":{"name":"(anonymous_9)","decl":{"start":{"line":228,"column":43},"end":{"line":228,"column":44}},"loc":{"start":{"line":228,"column":50},"end":{"line":228,"column":55}},"line":228},"10":{"name":"(anonymous_10)","decl":{"start":{"line":242,"column":29},"end":{"line":242,"column":35}},"loc":{"start":{"line":242,"column":35},"end":{"line":242,"column":null}},"line":242},"11":{"name":"(anonymous_11)","decl":{"start":{"line":242,"column":43},"end":{"line":242,"column":44}},"loc":{"start":{"line":242,"column":50},"end":{"line":242,"column":55}},"line":242},"12":{"name":"(anonymous_12)","decl":{"start":{"line":272,"column":30},"end":{"line":272,"column":31}},"loc":{"start":{"line":272,"column":43},"end":{"line":397,"column":17}},"line":272},"13":{"name":"(anonymous_13)","decl":{"start":{"line":347,"column":37},"end":{"line":347,"column":43}},"loc":{"start":{"line":347,"column":43},"end":{"line":347,"column":null}},"line":347},"14":{"name":"(anonymous_14)","decl":{"start":{"line":360,"column":37},"end":{"line":360,"column":43}},"loc":{"start":{"line":360,"column":43},"end":{"line":360,"column":null}},"line":360}},"branchMap":{"0":{"loc":{"start":{"line":33,"column":28},"end":{"line":33,"column":null}},"type":"binary-expr","locations":[{"start":{"line":33,"column":28},"end":{"line":33,"column":39}},{"start":{"line":33,"column":39},"end":{"line":33,"column":null}}],"line":33},"1":{"loc":{"start":{"line":56,"column":4},"end":{"line":56,"column":null}},"type":"if","locations":[{"start":{"line":56,"column":4},"end":{"line":56,"column":null}},{"start":{},"end":{}}],"line":56},"2":{"loc":{"start":{"line":66,"column":21},"end":{"line":66,"column":69}},"type":"cond-expr","locations":[{"start":{"line":66,"column":45},"end":{"line":66,"column":58}},{"start":{"line":66,"column":58},"end":{"line":66,"column":69}}],"line":66},"3":{"loc":{"start":{"line":73,"column":27},"end":{"line":75,"column":null}},"type":"binary-expr","locations":[{"start":{"line":73,"column":27},"end":{"line":73,"column":null}},{"start":{"line":74,"column":8},"end":{"line":74,"column":null}},{"start":{"line":75,"column":8},"end":{"line":75,"column":null}}],"line":73},"4":{"loc":{"start":{"line":75,"column":20},"end":{"line":75,"column":66}},"type":"cond-expr","locations":[{"start":{"line":75,"column":44},"end":{"line":75,"column":56}},{"start":{"line":75,"column":56},"end":{"line":75,"column":66}}],"line":75},"5":{"loc":{"start":{"line":84,"column":4},"end":{"line":109,"column":null}},"type":"switch","locations":[{"start":{"line":85,"column":6},"end":{"line":92,"column":null}},{"start":{"line":93,"column":6},"end":{"line":100,"column":null}},{"start":{"line":101,"column":6},"end":{"line":108,"column":null}}],"line":84},"6":{"loc":{"start":{"line":204,"column":40},"end":{"line":204,"column":69}},"type":"cond-expr","locations":[{"start":{"line":204,"column":50},"end":{"line":204,"column":67}},{"start":{"line":204,"column":67},"end":{"line":204,"column":69}}],"line":204},"7":{"loc":{"start":{"line":251,"column":13},"end":{"line":398,"column":null}},"type":"cond-expr","locations":[{"start":{"line":252,"column":14},"end":{"line":257,"column":null}},{"start":{"line":258,"column":16},"end":{"line":398,"column":null}}],"line":251},"8":{"loc":{"start":{"line":258,"column":16},"end":{"line":398,"column":null}},"type":"cond-expr","locations":[{"start":{"line":259,"column":14},"end":{"line":269,"column":null}},{"start":{"line":271,"column":14},"end":{"line":398,"column":null}}],"line":258},"9":{"loc":{"start":{"line":286,"column":31},"end":{"line":286,"column":null}},"type":"binary-expr","locations":[{"start":{"line":286,"column":31},"end":{"line":286,"column":57}},{"start":{"line":286,"column":57},"end":{"line":286,"column":null}}],"line":286},"10":{"loc":{"start":{"line":293,"column":31},"end":{"line":293,"column":null}},"type":"binary-expr","locations":[{"start":{"line":293,"column":31},"end":{"line":293,"column":56}},{"start":{"line":293,"column":56},"end":{"line":293,"column":null}}],"line":293},"11":{"loc":{"start":{"line":312,"column":29},"end":{"line":312,"column":null}},"type":"binary-expr","locations":[{"start":{"line":312,"column":29},"end":{"line":312,"column":50}},{"start":{"line":312,"column":50},"end":{"line":312,"column":null}}],"line":312},"12":{"loc":{"start":{"line":319,"column":35},"end":{"line":319,"column":67}},"type":"binary-expr","locations":[{"start":{"line":319,"column":35},"end":{"line":319,"column":61}},{"start":{"line":319,"column":61},"end":{"line":319,"column":67}}],"line":319},"13":{"loc":{"start":{"line":324,"column":37},"end":{"line":324,"column":58}},"type":"binary-expr","locations":[{"start":{"line":324,"column":37},"end":{"line":324,"column":55}},{"start":{"line":324,"column":55},"end":{"line":324,"column":58}}],"line":324},"14":{"loc":{"start":{"line":329,"column":35},"end":{"line":329,"column":65}},"type":"binary-expr","locations":[{"start":{"line":329,"column":35},"end":{"line":329,"column":63}},{"start":{"line":329,"column":63},"end":{"line":329,"column":65}}],"line":329},"15":{"loc":{"start":{"line":335,"column":31},"end":{"line":337,"column":null}},"type":"cond-expr","locations":[{"start":{"line":336,"column":34},"end":{"line":336,"column":null}},{"start":{"line":337,"column":34},"end":{"line":337,"column":null}}],"line":335},"16":{"loc":{"start":{"line":344,"column":23},"end":{"line":371,"column":null}},"type":"binary-expr","locations":[{"start":{"line":344,"column":23},"end":{"line":344,"column":55}},{"start":{"line":344,"column":55},"end":{"line":344,"column":null}},{"start":{"line":345,"column":24},"end":{"line":371,"column":null}}],"line":344},"17":{"loc":{"start":{"line":351,"column":29},"end":{"line":354,"column":null}},"type":"cond-expr","locations":[{"start":{"line":352,"column":30},"end":{"line":352,"column":null}},{"start":{"line":354,"column":30},"end":{"line":354,"column":null}}],"line":351},"18":{"loc":{"start":{"line":364,"column":29},"end":{"line":367,"column":null}},"type":"cond-expr","locations":[{"start":{"line":365,"column":30},"end":{"line":365,"column":null}},{"start":{"line":367,"column":30},"end":{"line":367,"column":null}}],"line":364},"19":{"loc":{"start":{"line":375,"column":23},"end":{"line":380,"column":null}},"type":"binary-expr","locations":[{"start":{"line":375,"column":23},"end":{"line":375,"column":55}},{"start":{"line":375,"column":55},"end":{"line":375,"column":null}},{"start":{"line":376,"column":24},"end":{"line":380,"column":null}}],"line":375},"20":{"loc":{"start":{"line":380,"column":24},"end":{"line":393,"column":null}},"type":"binary-expr","locations":[{"start":{"line":384,"column":24},"end":{"line":384,"column":57}},{"start":{"line":384,"column":57},"end":{"line":384,"column":null}},{"start":{"line":385,"column":24},"end":{"line":385,"column":null}},{"start":{"line":386,"column":26},"end":{"line":393,"column":null}}],"line":380}},"s":{"0":30,"1":30,"2":30,"3":30,"4":30,"5":30,"6":30,"7":30,"8":10,"9":30,"10":13,"11":13,"12":13,"13":13,"14":0,"15":0,"16":13,"17":30,"18":4,"19":0,"20":4,"21":4,"22":4,"23":2,"24":2,"25":2,"26":2,"27":2,"28":4,"29":30,"30":54,"31":18,"32":18,"33":18,"34":30,"35":57,"36":30,"37":57,"38":30,"39":57,"40":30,"41":0,"42":0,"43":0,"44":0,"45":54,"46":54,"47":2,"48":2},"f":{"0":30,"1":10,"2":13,"3":4,"4":54,"5":57,"6":57,"7":57,"8":0,"9":0,"10":0,"11":0,"12":54,"13":2,"14":2},"b":{"0":[30,2],"1":[0,4],"2":[1,1],"3":[2,1,0],"4":[0,0],"5":[18,18,18],"6":[11,19],"7":[11,19],"8":[1,18],"9":[54,0],"10":[54,0],"11":[54,0],"12":[54,0],"13":[54,0],"14":[54,0],"15":[54,0],"16":[54,18,17],"17":[4,13],"18":[4,13],"19":[54,18,1],"20":[54,36,36,36]},"meta":{"lastBranch":21,"lastFunction":15,"lastStatement":49,"seen":{"f:24:24:24:39":0,"s:25:37:25:Infinity":0,"s:26:30:26:Infinity":1,"s:27:28:27:Infinity":2,"s:28:40:28:Infinity":3,"s:29:22:29:Infinity":4,"s:30:19:30:Infinity":5,"s:33:28:33:Infinity":6,"b:33:28:33:39:33:39:33:Infinity":0,"s:35:2:37:Infinity":7,"f:35:12:35:18":1,"s:36:4:36:Infinity":8,"s:39:23:50:Infinity":9,"f:39:23:39:35":2,"s:40:4:40:Infinity":10,"s:41:4:49:Infinity":11,"s:42:19:42:Infinity":12,"s:43:6:43:Infinity":13,"s:45:6:45:Infinity":14,"s:46:6:46:Infinity":15,"s:48:6:48:Infinity":16,"s:52:29:81:Infinity":17,"f:52:29:52:Infinity":3,"b:56:4:56:Infinity:undefined:undefined:undefined:undefined":1,"s:56:4:56:Infinity":18,"s:56:19:56:Infinity":19,"s:58:4:58:Infinity":20,"s:59:4:80:Infinity":21,"s:60:6:60:Infinity":22,"s:63:6:63:Infinity":23,"s:65:6:68:Infinity":24,"b:66:45:66:58:66:58:66:69":2,"s:70:6:70:Infinity":25,"s:73:27:75:Infinity":26,"b:73:27:73:Infinity:74:8:74:Infinity:75:8:75:Infinity":3,"b:75:44:75:56:75:56:75:66":4,"s:77:6:77:Infinity":27,"s:79:6:79:Infinity":28,"s:83:26:110:Infinity":29,"f:83:26:83:27":4,"b:85:6:92:Infinity:93:6:100:Infinity:101:6:108:Infinity":5,"s:84:4:109:Infinity":30,"s:86:8:92:Infinity":31,"s:94:8:100:Infinity":32,"s:102:8:108:Infinity":33,"s:112:23:112:Infinity":34,"f:112:39:112:40":5,"s:112:46:112:68":35,"s:113:24:113:Infinity":36,"f:113:40:113:41":6,"s:113:47:113:70":37,"s:114:24:114:Infinity":38,"f:114:40:114:41":7,"s:114:47:114:70":39,"s:116:2:403:Infinity":40,"b:204:50:204:67:204:67:204:69":6,"f:228:29:228:35":8,"s:228:35:228:Infinity":41,"f:228:43:228:44":9,"s:228:50:228:55":42,"f:242:29:242:35":10,"s:242:35:242:Infinity":43,"f:242:43:242:44":11,"s:242:50:242:55":44,"b:252:14:257:Infinity:258:16:398:Infinity":7,"b:259:14:269:Infinity:271:14:398:Infinity":8,"f:272:30:272:31":12,"s:273:39:273:Infinity":45,"s:274:18:395:Infinity":46,"b:286:31:286:57:286:57:286:Infinity":9,"b:293:31:293:56:293:56:293:Infinity":10,"b:312:29:312:50:312:50:312:Infinity":11,"b:319:35:319:61:319:61:319:67":12,"b:324:37:324:55:324:55:324:58":13,"b:329:35:329:63:329:63:329:65":14,"b:336:34:336:Infinity:337:34:337:Infinity":15,"b:344:23:344:55:344:55:344:Infinity:345:24:371:Infinity":16,"f:347:37:347:43":13,"s:347:43:347:Infinity":47,"b:352:30:352:Infinity:354:30:354:Infinity":17,"f:360:37:360:43":14,"s:360:43:360:Infinity":48,"b:365:30:365:Infinity:367:30:367:Infinity":18,"b:375:23:375:55:375:55:375:Infinity:376:24:380:Infinity":19,"b:384:24:384:57:384:57:384:Infinity:385:24:385:Infinity:386:26:393:Infinity":20}}}
,"C:\\Users\\henry\\Desktop\\front\\inmobiliaria_frontend\\src\\pages\\public\\Home.tsx": {"path":"C:\\Users\\henry\\Desktop\\front\\inmobiliaria_frontend\\src\\pages\\public\\Home.tsx","statementMap":{"0":{"start":{"line":31,"column":39},"end":{"line":63,"column":null}},"1":{"start":{"line":74,"column":2},"end":{"line":147,"column":null}},"2":{"start":{"line":99,"column":25},"end":{"line":99,"column":null}},"3":{"start":{"line":152,"column":34},"end":{"line":152,"column":null}},"4":{"start":{"line":153,"column":42},"end":{"line":153,"column":null}},"5":{"start":{"line":154,"column":42},"end":{"line":154,"column":null}},"6":{"start":{"line":155,"column":32},"end":{"line":155,"column":null}},"7":{"start":{"line":156,"column":22},"end":{"line":156,"column":null}},"8":{"start":{"line":157,"column":16},"end":{"line":157,"column":null}},"9":{"start":{"line":160,"column":8},"end":{"line":168,"column":null}},"10":{"start":{"line":161,"column":4},"end":{"line":167,"column":null}},"11":{"start":{"line":162,"column":28},"end":{"line":163,"column":null}},"12":{"start":{"line":164,"column":30},"end":{"line":164,"column":null}},"13":{"start":{"line":165,"column":30},"end":{"line":165,"column":null}},"14":{"start":{"line":166,"column":6},"end":{"line":166,"column":null}},"15":{"start":{"line":171,"column":23},"end":{"line":171,"column":null}},"16":{"start":{"line":172,"column":21},"end":{"line":172,"column":null}},"17":{"start":{"line":173,"column":16},"end":{"line":173,"column":null}},"18":{"start":{"line":176,"column":16},"end":{"line":176,"column":null}},"19":{"start":{"line":177,"column":24},"end":{"line":177,"column":null}},"20":{"start":{"line":178,"column":19},"end":{"line":180,"column":null}},"21":{"start":{"line":179,"column":34},"end":{"line":179,"column":49}},"22":{"start":{"line":182,"column":31},"end":{"line":188,"column":null}},"23":{"start":{"line":183,"column":4},"end":{"line":187,"column":null}},"24":{"start":{"line":184,"column":6},"end":{"line":186,"column":null}},"25":{"start":{"line":185,"column":31},"end":{"line":185,"column":43}},"26":{"start":{"line":190,"column":23},"end":{"line":195,"column":null}},"27":{"start":{"line":191,"column":4},"end":{"line":191,"column":null}},"28":{"start":{"line":192,"column":4},"end":{"line":192,"column":null}},"29":{"start":{"line":193,"column":4},"end":{"line":193,"column":null}},"30":{"start":{"line":194,"column":4},"end":{"line":194,"column":null}},"31":{"start":{"line":197,"column":2},"end":{"line":354,"column":null}},"32":{"start":{"line":228,"column":33},"end":{"line":228,"column":null}},"33":{"start":{"line":238,"column":33},"end":{"line":238,"column":null}},"34":{"start":{"line":246,"column":33},"end":{"line":246,"column":null}},"35":{"start":{"line":273,"column":16},"end":{"line":280,"column":null}},"36":{"start":{"line":275,"column":33},"end":{"line":275,"column":null}},"37":{"start":{"line":287,"column":34},"end":{"line":287,"column":123}},"38":{"start":{"line":297,"column":16},"end":{"line":302,"column":null}},"39":{"start":{"line":311,"column":29},"end":{"line":311,"column":null}},"40":{"start":{"line":311,"column":42},"end":{"line":311,"column":47}},"41":{"start":{"line":319,"column":29},"end":{"line":319,"column":null}},"42":{"start":{"line":319,"column":42},"end":{"line":319,"column":47}}},"fnMap":{"0":{"name":"HomePropertyCard","decl":{"start":{"line":65,"column":9},"end":{"line":65,"column":26}},"loc":{"start":{"line":73,"column":3},"end":{"line":149,"column":null}},"line":73},"1":{"name":"(anonymous_1)","decl":{"start":{"line":99,"column":19},"end":{"line":99,"column":25}},"loc":{"start":{"line":99,"column":25},"end":{"line":99,"column":null}},"line":99},"2":{"name":"Home","decl":{"start":{"line":151,"column":24},"end":{"line":151,"column":31}},"loc":{"start":{"line":151,"column":31},"end":{"line":356,"column":null}},"line":151},"3":{"name":"(anonymous_3)","decl":{"start":{"line":160,"column":27},"end":{"line":160,"column":33}},"loc":{"start":{"line":160,"column":33},"end":{"line":168,"column":5}},"line":160},"4":{"name":"(anonymous_4)","decl":{"start":{"line":161,"column":33},"end":{"line":161,"column":45}},"loc":{"start":{"line":161,"column":45},"end":{"line":167,"column":5}},"line":161},"5":{"name":"(anonymous_5)","decl":{"start":{"line":179,"column":22},"end":{"line":179,"column":23}},"loc":{"start":{"line":179,"column":34},"end":{"line":179,"column":49}},"line":179},"6":{"name":"(anonymous_6)","decl":{"start":{"line":182,"column":31},"end":{"line":182,"column":32}},"loc":{"start":{"line":182,"column":47},"end":{"line":188,"column":null}},"line":182},"7":{"name":"(anonymous_7)","decl":{"start":{"line":183,"column":17},"end":{"line":183,"column":null}},"loc":{"start":{"line":184,"column":6},"end":{"line":186,"column":null}},"line":184},"8":{"name":"(anonymous_8)","decl":{"start":{"line":185,"column":22},"end":{"line":185,"column":31}},"loc":{"start":{"line":185,"column":31},"end":{"line":185,"column":43}},"line":185},"9":{"name":"(anonymous_9)","decl":{"start":{"line":190,"column":23},"end":{"line":190,"column":29}},"loc":{"start":{"line":190,"column":29},"end":{"line":195,"column":null}},"line":190},"10":{"name":"(anonymous_10)","decl":{"start":{"line":228,"column":26},"end":{"line":228,"column":27}},"loc":{"start":{"line":228,"column":33},"end":{"line":228,"column":null}},"line":228},"11":{"name":"(anonymous_11)","decl":{"start":{"line":238,"column":26},"end":{"line":238,"column":27}},"loc":{"start":{"line":238,"column":33},"end":{"line":238,"column":null}},"line":238},"12":{"name":"(anonymous_12)","decl":{"start":{"line":246,"column":26},"end":{"line":246,"column":27}},"loc":{"start":{"line":246,"column":33},"end":{"line":246,"column":null}},"line":246},"13":{"name":"(anonymous_13)","decl":{"start":{"line":272,"column":41},"end":{"line":272,"column":42}},"loc":{"start":{"line":273,"column":16},"end":{"line":280,"column":null}},"line":273},"14":{"name":"(anonymous_14)","decl":{"start":{"line":275,"column":27},"end":{"line":275,"column":33}},"loc":{"start":{"line":275,"column":33},"end":{"line":275,"column":null}},"line":275},"15":{"name":"(anonymous_15)","decl":{"start":{"line":287,"column":29},"end":{"line":287,"column":34}},"loc":{"start":{"line":287,"column":34},"end":{"line":287,"column":123}},"line":287},"16":{"name":"(anonymous_16)","decl":{"start":{"line":296,"column":25},"end":{"line":296,"column":26}},"loc":{"start":{"line":297,"column":16},"end":{"line":302,"column":null}},"line":297},"17":{"name":"(anonymous_17)","decl":{"start":{"line":311,"column":23},"end":{"line":311,"column":29}},"loc":{"start":{"line":311,"column":29},"end":{"line":311,"column":null}},"line":311},"18":{"name":"(anonymous_18)","decl":{"start":{"line":311,"column":37},"end":{"line":311,"column":42}},"loc":{"start":{"line":311,"column":42},"end":{"line":311,"column":47}},"line":311},"19":{"name":"(anonymous_19)","decl":{"start":{"line":319,"column":23},"end":{"line":319,"column":29}},"loc":{"start":{"line":319,"column":29},"end":{"line":319,"column":null}},"line":319},"20":{"name":"(anonymous_20)","decl":{"start":{"line":319,"column":37},"end":{"line":319,"column":42}},"loc":{"start":{"line":319,"column":42},"end":{"line":319,"column":47}},"line":319}},"branchMap":{"0":{"loc":{"start":{"line":87,"column":11},"end":{"line":90,"column":null}},"type":"binary-expr","locations":[{"start":{"line":87,"column":11},"end":{"line":87,"column":null}},{"start":{"line":88,"column":12},"end":{"line":90,"column":null}}],"line":87},"1":{"loc":{"start":{"line":92,"column":111},"end":{"line":92,"column":null}},"type":"cond-expr","locations":[{"start":{"line":92,"column":139},"end":{"line":92,"column":154}},{"start":{"line":92,"column":154},"end":{"line":92,"column":null}}],"line":92},"2":{"loc":{"start":{"line":100,"column":98},"end":{"line":100,"column":null}},"type":"cond-expr","locations":[{"start":{"line":100,"column":111},"end":{"line":100,"column":140}},{"start":{"line":100,"column":140},"end":{"line":100,"column":null}}],"line":100},"3":{"loc":{"start":{"line":103,"column":30},"end":{"line":103,"column":64}},"type":"cond-expr","locations":[{"start":{"line":103,"column":43},"end":{"line":103,"column":60}},{"start":{"line":103,"column":60},"end":{"line":103,"column":64}}],"line":103},"4":{"loc":{"start":{"line":109,"column":13},"end":{"line":109,"column":null}},"type":"binary-expr","locations":[{"start":{"line":109,"column":13},"end":{"line":109,"column":45}},{"start":{"line":109,"column":45},"end":{"line":109,"column":null}}],"line":109},"5":{"loc":{"start":{"line":127,"column":53},"end":{"line":127,"column":76}},"type":"binary-expr","locations":[{"start":{"line":127,"column":53},"end":{"line":127,"column":74}},{"start":{"line":127,"column":74},"end":{"line":127,"column":76}}],"line":127},"6":{"loc":{"start":{"line":131,"column":53},"end":{"line":131,"column":77}},"type":"binary-expr","locations":[{"start":{"line":131,"column":53},"end":{"line":131,"column":75}},{"start":{"line":131,"column":75},"end":{"line":131,"column":77}}],"line":131},"7":{"loc":{"start":{"line":135,"column":53},"end":{"line":135,"column":73}},"type":"binary-expr","locations":[{"start":{"line":135,"column":53},"end":{"line":135,"column":70}},{"start":{"line":135,"column":70},"end":{"line":135,"column":73}}],"line":135},"8":{"loc":{"start":{"line":162,"column":28},"end":{"line":163,"column":null}},"type":"binary-expr","locations":[{"start":{"line":162,"column":28},"end":{"line":162,"column":null}},{"start":{"line":163,"column":8},"end":{"line":163,"column":null}}],"line":162},"9":{"loc":{"start":{"line":164,"column":30},"end":{"line":164,"column":null}},"type":"binary-expr","locations":[{"start":{"line":164,"column":30},"end":{"line":164,"column":55}},{"start":{"line":164,"column":55},"end":{"line":164,"column":null}}],"line":164},"10":{"loc":{"start":{"line":165,"column":30},"end":{"line":165,"column":null}},"type":"binary-expr","locations":[{"start":{"line":165,"column":30},"end":{"line":165,"column":55}},{"start":{"line":165,"column":55},"end":{"line":165,"column":null}}],"line":165},"11":{"loc":{"start":{"line":166,"column":13},"end":{"line":166,"column":null}},"type":"binary-expr","locations":[{"start":{"line":166,"column":13},"end":{"line":166,"column":30}},{"start":{"line":166,"column":30},"end":{"line":166,"column":49}},{"start":{"line":166,"column":49},"end":{"line":166,"column":null}}],"line":166},"12":{"loc":{"start":{"line":178,"column":19},"end":{"line":180,"column":null}},"type":"cond-expr","locations":[{"start":{"line":179,"column":6},"end":{"line":179,"column":null}},{"start":{"line":180,"column":6},"end":{"line":180,"column":null}}],"line":178},"13":{"loc":{"start":{"line":184,"column":6},"end":{"line":186,"column":null}},"type":"cond-expr","locations":[{"start":{"line":185,"column":10},"end":{"line":185,"column":null}},{"start":{"line":186,"column":10},"end":{"line":186,"column":null}}],"line":184},"14":{"loc":{"start":{"line":276,"column":93},"end":{"line":276,"column":null}},"type":"cond-expr","locations":[{"start":{"line":276,"column":118},"end":{"line":276,"column":175}},{"start":{"line":276,"column":175},"end":{"line":276,"column":null}}],"line":276},"15":{"loc":{"start":{"line":285,"column":11},"end":{"line":304,"column":null}},"type":"cond-expr","locations":[{"start":{"line":286,"column":12},"end":{"line":288,"column":null}},{"start":{"line":289,"column":14},"end":{"line":304,"column":null}}],"line":285},"16":{"loc":{"start":{"line":289,"column":14},"end":{"line":304,"column":null}},"type":"cond-expr","locations":[{"start":{"line":290,"column":12},"end":{"line":293,"column":null}},{"start":{"line":295,"column":12},"end":{"line":304,"column":null}}],"line":289},"17":{"loc":{"start":{"line":340,"column":64},"end":{"line":340,"column":117}},"type":"cond-expr","locations":[{"start":{"line":340,"column":75},"end":{"line":340,"column":113}},{"start":{"line":340,"column":113},"end":{"line":340,"column":117}}],"line":340}},"s":{"0":1,"1":41,"2":1,"3":17,"4":17,"5":17,"6":17,"7":17,"8":17,"9":17,"10":16,"11":48,"12":48,"13":48,"14":48,"15":17,"16":17,"17":17,"18":17,"19":17,"20":17,"21":41,"22":17,"23":1,"24":1,"25":0,"26":17,"27":1,"28":1,"29":1,"30":1,"31":17,"32":2,"33":1,"34":1,"35":34,"36":1,"37":0,"38":41,"39":0,"40":0,"41":0,"42":0},"f":{"0":41,"1":1,"2":17,"3":16,"4":48,"5":41,"6":1,"7":1,"8":0,"9":1,"10":2,"11":1,"12":1,"13":34,"14":1,"15":0,"16":41,"17":0,"18":0,"19":0,"20":0},"b":{"0":[41,13],"1":[27,14],"2":[1,40],"3":[1,40],"4":[41,14],"5":[41,0],"6":[41,0],"7":[41,0],"8":[48,5],"9":[48,3],"10":[48,6],"11":[48,43,41],"12":[16,1],"13":[0,1],"14":[2,32],"15":[0,17],"16":[1,16],"17":[16,1]},"meta":{"lastBranch":18,"lastFunction":21,"lastStatement":43,"seen":{"s:31:39:63:Infinity":0,"f:65:9:65:26":0,"s:74:2:147:Infinity":1,"b:87:11:87:Infinity:88:12:90:Infinity":0,"b:92:139:92:154:92:154:92:Infinity":1,"f:99:19:99:25":1,"s:99:25:99:Infinity":2,"b:100:111:100:140:100:140:100:Infinity":2,"b:103:43:103:60:103:60:103:64":3,"b:109:13:109:45:109:45:109:Infinity":4,"b:127:53:127:74:127:74:127:76":5,"b:131:53:131:75:131:75:131:77":6,"b:135:53:135:70:135:70:135:73":7,"f:151:24:151:31":2,"s:152:34:152:Infinity":3,"s:153:42:153:Infinity":4,"s:154:42:154:Infinity":5,"s:155:32:155:Infinity":6,"s:156:22:156:Infinity":7,"s:157:16:157:Infinity":8,"s:160:8:168:Infinity":9,"f:160:27:160:33":3,"s:161:4:167:Infinity":10,"f:161:33:161:45":4,"s:162:28:163:Infinity":11,"b:162:28:162:Infinity:163:8:163:Infinity":8,"s:164:30:164:Infinity":12,"b:164:30:164:55:164:55:164:Infinity":9,"s:165:30:165:Infinity":13,"b:165:30:165:55:165:55:165:Infinity":10,"s:166:6:166:Infinity":14,"b:166:13:166:30:166:30:166:49:166:49:166:Infinity":11,"s:171:23:171:Infinity":15,"s:172:21:172:Infinity":16,"s:173:16:173:Infinity":17,"s:176:16:176:Infinity":18,"s:177:24:177:Infinity":19,"s:178:19:180:Infinity":20,"b:179:6:179:Infinity:180:6:180:Infinity":12,"f:179:22:179:23":5,"s:179:34:179:49":21,"s:182:31:188:Infinity":22,"f:182:31:182:32":6,"s:183:4:187:Infinity":23,"f:183:17:183:Infinity":7,"s:184:6:186:Infinity":24,"b:185:10:185:Infinity:186:10:186:Infinity":13,"f:185:22:185:31":8,"s:185:31:185:43":25,"s:190:23:195:Infinity":26,"f:190:23:190:29":9,"s:191:4:191:Infinity":27,"s:192:4:192:Infinity":28,"s:193:4:193:Infinity":29,"s:194:4:194:Infinity":30,"s:197:2:354:Infinity":31,"f:228:26:228:27":10,"s:228:33:228:Infinity":32,"f:238:26:238:27":11,"s:238:33:238:Infinity":33,"f:246:26:246:27":12,"s:246:33:246:Infinity":34,"f:272:41:272:42":13,"s:273:16:280:Infinity":35,"f:275:27:275:33":14,"s:275:33:275:Infinity":36,"b:276:118:276:175:276:175:276:Infinity":14,"b:286:12:288:Infinity:289:14:304:Infinity":15,"f:287:29:287:34":15,"s:287:34:287:123":37,"b:290:12:293:Infinity:295:12:304:Infinity":16,"f:296:25:296:26":16,"s:297:16:302:Infinity":38,"f:311:23:311:29":17,"s:311:29:311:Infinity":39,"f:311:37:311:42":18,"s:311:42:311:47":40,"f:319:23:319:29":19,"s:319:29:319:Infinity":41,"f:319:37:319:42":20,"s:319:42:319:47":42,"b:340:75:340:113:340:113:340:117":17}}}
}
